#
# A fatal error has been detected by the Java Runtime Environment:
#
#  EXCEPTION_ACCESS_VIOLATION (0xc0000005) at pc=0x00007ff9586a73ac, pid=3648, tid=14264
#
# JRE version: OpenJDK Runtime Environment (11.0.10) (build 11.0.10+0-b96-7249189)
# Java VM: OpenJDK 64-Bit Server VM (11.0.10+0-b96-7249189, mixed mode, tiered, compressed oops, g1 gc, windows-amd64)
# Problematic frame:
# V  [jvm.dll+0x5173ac]
#
# No core dump will be written. Minidumps are not enabled by default on client versions of Windows
#
# If you would like to submit a bug report, please visit:
#   https://bugreport.java.com/bugreport/crash.jsp
#

---------------  S U M M A R Y ------------

Command Line: --add-opens=java.base/java.util=ALL-UNNAMED --add-opens=java.base/java.lang=ALL-UNNAMED --add-opens=java.base/java.lang.invoke=ALL-UNNAMED --add-opens=java.base/java.util=ALL-UNNAMED --add-opens=java.prefs/java.util.prefs=ALL-UNNAMED --add-opens=java.prefs/java.util.prefs=ALL-UNNAMED --add-opens=java.base/java.nio.charset=ALL-UNNAMED --add-opens=java.base/java.net=ALL-UNNAMED --add-opens=java.base/java.util.concurrent.atomic=ALL-UNNAMED -Xmx2048m -Dfile.encoding=UTF-8 -Duser.country=RU -Duser.language=ru -Duser.variant org.gradle.launcher.daemon.bootstrap.GradleDaemon 7.0.2

Host: AMD Ryzen 5 2600X Six-Core Processor           , 12 cores, 15G,  Windows 10 , 64 bit Build 19041 (10.0.19041.1202)
Time: Sun Nov 14 17:22:15 2021 RTZ 2 (зима) elapsed time: 11.715861 seconds (0d 0h 0m 11s)

---------------  T H R E A D  ---------------

Current thread (0x0000017670b21800):  JavaThread "C2 CompilerThread1" daemon [_thread_in_native, id=14264, stack(0x00000046f0500000,0x00000046f0600000)]


Current CompileTask:
C2:  11717 7748       4       java.beans.MethodRef::set (58 bytes)

Stack: [0x00000046f0500000,0x00000046f0600000],  sp=0x00000046f05fb580,  free space=1005k
Native frames: (J=compiled Java code, j=interpreted, Vv=VM code, C=native code)
V  [jvm.dll+0x5173ac]
V  [jvm.dll+0x516897]
V  [jvm.dll+0x506524]
V  [jvm.dll+0x1fcbde]
V  [jvm.dll+0x1fa77f]
V  [jvm.dll+0x18354c]
V  [jvm.dll+0x208ee7]
V  [jvm.dll+0x207731]
V  [jvm.dll+0x6eb1cf]
V  [jvm.dll+0x6e3d45]
V  [jvm.dll+0x5ebe96]
C  [ucrtbase.dll+0x21bb2]
C  [KERNEL32.DLL+0x17034]
C  [ntdll.dll+0x52651]


siginfo: EXCEPTION_ACCESS_VIOLATION (0xc0000005), reading address 0xffffffffffffffff


Register to memory mapping:

RIP=0x00007ff9586a73ac jvm.dll
RAX=0x6c2f6176616a4c3b is an unknown value
RBX=0x00000046f05fb6a0 is pointing into the stack for thread: 0x0000017670b21800
RCX=0x00000176739e8270 points into unknown readable memory: 0x6c2f6176616a4c3b | 3b 4c 6a 61 76 61 2f 6c
RDX=0x00000176739e8270 points into unknown readable memory: 0x6c2f6176616a4c3b | 3b 4c 6a 61 76 61 2f 6c
RSP=0x00000046f05fb580 is pointing into the stack for thread: 0x0000017670b21800
RBP=0x00000176739e8270 points into unknown readable memory: 0x6c2f6176616a4c3b | 3b 4c 6a 61 76 61 2f 6c
RSI=0x00000176739e8270 points into unknown readable memory: 0x6c2f6176616a4c3b | 3b 4c 6a 61 76 61 2f 6c
RDI=0x0000017673968200 points into unknown readable memory: 0x00007ff958973c50 | 50 3c 97 58 f9 7f 00 00
R8 =0x0 is NULL
R9 =0x0 is NULL
R10=0x000001766eff7970 points into unknown readable memory: 0x0000000000000001 | 01 00 00 00 00 00 00 00
R11=0x0000017600003850 points into unknown readable memory: 0x0000000000000000 | 00 00 00 00 00 00 00 00
R12=0x0 is NULL
R13=0x0 is NULL
R14=0x00000046f05fbba0 is pointing into the stack for thread: 0x0000017670b21800
R15=0x00000046f05fbba0 is pointing into the stack for thread: 0x0000017670b21800


Registers:
RAX=0x6c2f6176616a4c3b, RBX=0x00000046f05fb6a0, RCX=0x00000176739e8270, RDX=0x00000176739e8270
RSP=0x00000046f05fb580, RBP=0x00000176739e8270, RSI=0x00000176739e8270, RDI=0x0000017673968200
R8 =0x0000000000000000, R9 =0x0000000000000000, R10=0x000001766eff7970, R11=0x0000017600003850
R12=0x0000000000000000, R13=0x0000000000000000, R14=0x00000046f05fbba0, R15=0x00000046f05fbba0
RIP=0x00007ff9586a73ac, EFLAGS=0x0000000000010202

Top of Stack: (sp=0x00000046f05fb580)
0x00000046f05fb580:   00000046f05fb638 0000017673968198
0x00000046f05fb590:   000001767580cc78 000001767580d058
0x00000046f05fb5a0:   00000046f05fb638 00007ff9586a6897
0x00000046f05fb5b0:   00000046f05fb6a0 0000000000000001
0x00000046f05fb5c0:   00000046f05fb6a0 0000000000000001
0x00000046f05fb5d0:   0000000000000000 0000000000000001
0x00000046f05fb5e0:   0000000000000002 00007ff958696524
0x00000046f05fb5f0:   00000046f05fb6f0 0000017675cf9330
0x00000046f05fb600:   0000017675cf9330 00000046f05fbba0
0x00000046f05fb610:   0000017672112a40 0000000000001000
0x00000046f05fb620:   000001766ebeb680 00007ff900000000
0x00000046f05fb630:   0000000100000001 00007ff9589fde48
0x00000046f05fb640:   0000017672112a40 0000000004000000
0x00000046f05fb650:   0000017600003050 0000017672112a40
0x00000046f05fb660:   00000176747c9610 00000000000c0270
0x00000046f05fb670:   00000176747c9660 00000176747d15f8 

Instructions: (pc=0x00007ff9586a73ac)
0x00007ff9586a72ac:   00 00 00 49 8b 44 24 08 4c 39 78 08 0f 84 b8 00
0x00007ff9586a72bc:   00 00 49 8b d4 48 8b cf e8 37 da fd ff 48 8b d0
0x00007ff9586a72cc:   48 8b cf 48 8b d8 e8 29 ea d9 ff 84 c0 75 09 48
0x00007ff9586a72dc:   8b 9f 90 09 00 00 eb 17 8b 43 28 3b 47 28 73 0c
0x00007ff9586a72ec:   8b c8 48 8b 47 30 48 8b 1c c8 eb 03 49 8b df 49
0x00007ff9586a72fc:   8b 44 24 08 48 8b cf 48 8b 50 08 e8 f4 d9 fd ff
0x00007ff9586a730c:   48 8b d0 48 8b cf 48 8b f0 e8 e6 e9 d9 ff 84 c0
0x00007ff9586a731c:   75 09 4c 8b bf 90 09 00 00 eb 12 8b 46 28 3b 47
0x00007ff9586a732c:   28 73 0a 8b c8 48 8b 47 30 4c 8b 3c c8 49 3b df
0x00007ff9586a733c:   75 38 49 8b 44 24 08 49 8b d4 48 8b bf 88 09 00
0x00007ff9586a734c:   00 48 8b cf 48 8b 58 08 e8 87 07 10 00 48 8d 8f
0x00007ff9586a735c:   88 09 00 00 49 8b d4 e8 48 1d 10 00 4c 8b c3 49
0x00007ff9586a736c:   8b d4 48 8b cf e8 7a 2c 10 00 4c 8b ac 24 80 00
0x00007ff9586a737c:   00 00 4c 8b 7c 24 40 48 83 c4 48 41 5e 41 5c 5f
0x00007ff9586a738c:   5e 5d 5b c3 48 89 5c 24 18 48 89 74 24 20 41 56
0x00007ff9586a739c:   48 83 ec 20 48 8b 02 4c 8b f1 48 8b ca 48 8b f2
0x00007ff9586a73ac:   ff 10 8b d8 3d c4 00 00 00 0f 84 96 02 00 00 8b
0x00007ff9586a73bc:   4e 2c 8b c1 24 0f 3c 08 0f 84 87 02 00 00 80 f9
0x00007ff9586a73cc:   c0 0f 84 7e 02 00 00 48 83 3d e5 97 47 00 00 7e
0x00007ff9586a73dc:   1c 81 fb f2 00 00 00 75 14 48 8b d6 49 8b ce e8
0x00007ff9586a73ec:   80 ac ff ff 48 85 c0 0f 85 fb 00 00 00 48 8b 06
0x00007ff9586a73fc:   48 8b ce ff 50 10 84 c0 0f 85 47 02 00 00 8b 46
0x00007ff9586a740c:   2c 3c 90 0f 84 3c 02 00 00 25 ff ff 01 00 3d 00
0x00007ff9586a741c:   00 01 00 0f 84 0c 02 00 00 81 fb db 00 00 00 0f
0x00007ff9586a742c:   84 00 02 00 00 0f b6 46 30 c0 e8 04 a8 01 0f 85
0x00007ff9586a743c:   11 02 00 00 48 8b d6 49 8b ce e8 b5 d8 fd ff 48
0x00007ff9586a744c:   85 c0 0f 84 fd 01 00 00 4c 8b c0 48 8b d6 49 8b
0x00007ff9586a745c:   ce e8 6e 12 00 00 48 85 c0 0f 85 e6 01 00 00 48
0x00007ff9586a746c:   8b d6 49 8b ce e8 2a e0 ff ff 48 85 c0 75 79 8b
0x00007ff9586a747c:   46 2c 83 e0 1f 48 89 6c 24 30 48 89 7c 24 38 3c
0x00007ff9586a748c:   14 75 76 49 8b 96 88 09 00 00 4d 8b c6 48 8b ce
0x00007ff9586a749c:   e8 2f a2 c7 ff 48 8b e8 48 85 c0 74 5c 49 8b 3e 


Stack slot to memory mapping:
stack at sp + 0 slots: 0x00000046f05fb638 is pointing into the stack for thread: 0x0000017670b21800
stack at sp + 1 slots: 0x0000017673968198 points into unknown readable memory: 0x00007ff9589e92c8 | c8 92 9e 58 f9 7f 00 00
stack at sp + 2 slots: 0x000001767580cc78 points into unknown readable memory: 0x00007ff958973ea0 | a0 3e 97 58 f9 7f 00 00
stack at sp + 3 slots: 0x000001767580d058 points into unknown readable memory: 0x00007ff9589b8158 | 58 81 9b 58 f9 7f 00 00
stack at sp + 4 slots: 0x00000046f05fb638 is pointing into the stack for thread: 0x0000017670b21800
stack at sp + 5 slots: 0x00007ff9586a6897 jvm.dll
stack at sp + 6 slots: 0x00000046f05fb6a0 is pointing into the stack for thread: 0x0000017670b21800
stack at sp + 7 slots: 0x0000000000000001 is an unknown value


---------------  P R O C E S S  ---------------

Threads class SMR info:
_java_thread_list=0x000001767542e850, length=60, elements={
0x00000176514c1000, 0x000001766e586000, 0x000001766e588000, 0x000001766e5a7000,
0x000001766e5aa000, 0x000001766e5ab800, 0x000001766e5f2800, 0x000001766e600800,
0x000001766e604000, 0x000001766e793000, 0x0000017670af6000, 0x000001766e866000,
0x000001766efe3000, 0x000001766fbb7000, 0x000001766fc29800, 0x0000017671fa9000,
0x000001767104b800, 0x00000176713fe000, 0x0000017670540000, 0x0000017670e76000,
0x0000017670e70800, 0x0000017670e74800, 0x0000017670e77000, 0x0000017670e73800,
0x0000017670e75800, 0x0000017670e71000, 0x0000017670e72000, 0x0000017670e73000,
0x000001767234f000, 0x000001767234d800, 0x0000017672351800, 0x000001767234c800,
0x0000017672350000, 0x0000017672350800, 0x0000017672354000, 0x000001767234e800,
0x0000017672355000, 0x0000017672355800, 0x0000017672356800, 0x0000017672357000,
0x0000017672358000, 0x0000017672352800, 0x0000017672359000, 0x0000017672359800,
0x000001767235a800, 0x0000017670b18800, 0x0000017670b17000, 0x0000017670b18000,
0x0000017670b1d800, 0x0000017670b1e800, 0x0000017670b1f800, 0x0000017670b19800,
0x0000017670b20000, 0x0000017670b1c000, 0x0000017670b1a800, 0x0000017670b21000,
0x0000017670b1b000, 0x0000017670b22800, 0x0000017670b21800, 0x0000017670b1d000
}

Java Threads: ( => current thread )
  0x00000176514c1000 JavaThread "main" [_thread_blocked, id=3140, stack(0x00000046ee500000,0x00000046ee600000)]
  0x000001766e586000 JavaThread "Reference Handler" daemon [_thread_blocked, id=13112, stack(0x00000046eec00000,0x00000046eed00000)]
  0x000001766e588000 JavaThread "Finalizer" daemon [_thread_blocked, id=12268, stack(0x00000046eed00000,0x00000046eee00000)]
  0x000001766e5a7000 JavaThread "Signal Dispatcher" daemon [_thread_blocked, id=12316, stack(0x00000046eee00000,0x00000046eef00000)]
  0x000001766e5aa000 JavaThread "Attach Listener" daemon [_thread_blocked, id=11600, stack(0x00000046eef00000,0x00000046ef000000)]
  0x000001766e5ab800 JavaThread "Service Thread" daemon [_thread_blocked, id=12576, stack(0x00000046ef000000,0x00000046ef100000)]
  0x000001766e5f2800 JavaThread "C2 CompilerThread0" daemon [_thread_in_native, id=13620, stack(0x00000046ef100000,0x00000046ef200000)]
  0x000001766e600800 JavaThread "C1 CompilerThread0" daemon [_thread_in_native, id=9404, stack(0x00000046ef200000,0x00000046ef300000)]
  0x000001766e604000 JavaThread "Sweeper thread" daemon [_thread_blocked, id=5636, stack(0x00000046ef300000,0x00000046ef400000)]
  0x000001766e793000 JavaThread "Common-Cleaner" daemon [_thread_blocked, id=11564, stack(0x00000046ef400000,0x00000046ef500000)]
  0x0000017670af6000 JavaThread "Daemon health stats" [_thread_blocked, id=4888, stack(0x00000046efd00000,0x00000046efe00000)]
  0x000001766e866000 JavaThread "Incoming local TCP Connector on port 60567" [_thread_in_native, id=6204, stack(0x00000046ef600000,0x00000046ef700000)]
  0x000001766efe3000 JavaThread "Daemon periodic checks" [_thread_blocked, id=12964, stack(0x00000046ef700000,0x00000046ef800000)]
  0x000001766fbb7000 JavaThread "Daemon" [_thread_blocked, id=12360, stack(0x00000046efe00000,0x00000046eff00000)]
  0x000001766fc29800 JavaThread "Handler for socket connection from /127.0.0.1:60567 to /127.0.0.1:60568" [_thread_in_native, id=14248, stack(0x00000046eff00000,0x00000046f0000000)]
  0x0000017671fa9000 JavaThread "Cancel handler" [_thread_blocked, id=11388, stack(0x00000046f0000000,0x00000046f0100000)]
  0x000001767104b800 JavaThread "Daemon worker" [_thread_in_native, id=7332, stack(0x00000046f0100000,0x00000046f0200000)]
  0x00000176713fe000 JavaThread "Asynchronous log dispatcher for DefaultDaemonConnection: socket connection from /127.0.0.1:60567 to /127.0.0.1:60568" [_thread_blocked, id=2448, stack(0x00000046f0200000,0x00000046f0300000)]
  0x0000017670540000 JavaThread "Stdin handler" [_thread_blocked, id=5144, stack(0x00000046f0300000,0x00000046f0400000)]
  0x0000017670e76000 JavaThread "Daemon client event forwarder" [_thread_blocked, id=11656, stack(0x00000046f0400000,0x00000046f0500000)]
  0x0000017670e70800 JavaThread "Cache worker for file hash cache (C:\Users\Family\.gradle\caches\7.0.2\fileHashes)" [_thread_blocked, id=1752, stack(0x00000046f0600000,0x00000046f0700000)]
  0x0000017670e74800 JavaThread "File lock request listener" [_thread_in_native, id=1640, stack(0x00000046f0700000,0x00000046f0800000)]
  0x0000017670e77000 JavaThread "Cache worker for journal cache (C:\Users\Family\.gradle\caches\journal-1)" [_thread_blocked, id=11276, stack(0x00000046f0e00000,0x00000046f0f00000)]
  0x0000017670e73800 JavaThread "Cache worker for file hash cache (D:\Skillbox\KotlinBasic\android_basic\Files\.gradle\7.0.2\fileHashes)" [_thread_blocked, id=10396, stack(0x00000046f0f00000,0x00000046f1000000)]
  0x0000017670e75800 JavaThread "File watcher server" daemon [_thread_in_native, id=10788, stack(0x00000046f1000000,0x00000046f1100000)]
  0x0000017670e71000 JavaThread "File watcher consumer" daemon [_thread_blocked, id=7460, stack(0x00000046f1100000,0x00000046f1200000)]
  0x0000017670e72000 JavaThread "jar transforms" [_thread_blocked, id=7612, stack(0x00000046f1200000,0x00000046f1300000)]
  0x0000017670e73000 JavaThread "jar transforms Thread 2" [_thread_blocked, id=13828, stack(0x00000046f1300000,0x00000046f1400000)]
  0x000001767234f000 JavaThread "jar transforms Thread 3" [_thread_blocked, id=484, stack(0x00000046f1400000,0x00000046f1500000)]
  0x000001767234d800 JavaThread "jar transforms Thread 4" [_thread_blocked, id=13320, stack(0x00000046f1500000,0x00000046f1600000)]
  0x0000017672351800 JavaThread "jar transforms Thread 5" [_thread_blocked, id=14060, stack(0x00000046f1600000,0x00000046f1700000)]
  0x000001767234c800 JavaThread "jar transforms Thread 6" [_thread_blocked, id=11440, stack(0x00000046f1700000,0x00000046f1800000)]
  0x0000017672350000 JavaThread "jar transforms Thread 7" [_thread_blocked, id=6296, stack(0x00000046f1800000,0x00000046f1900000)]
  0x0000017672350800 JavaThread "jar transforms Thread 8" [_thread_blocked, id=13932, stack(0x00000046f1900000,0x00000046f1a00000)]
  0x0000017672354000 JavaThread "jar transforms Thread 9" [_thread_blocked, id=4520, stack(0x00000046f1a00000,0x00000046f1b00000)]
  0x000001767234e800 JavaThread "jar transforms Thread 10" [_thread_blocked, id=13592, stack(0x00000046f1c00000,0x00000046f1d00000)]
  0x0000017672355000 JavaThread "jar transforms Thread 11" [_thread_blocked, id=12336, stack(0x00000046f1d00000,0x00000046f1e00000)]
  0x0000017672355800 JavaThread "jar transforms Thread 12" [_thread_blocked, id=3640, stack(0x00000046f1e00000,0x00000046f1f00000)]
  0x0000017672356800 JavaThread "Cache worker for checksums cache (D:\Skillbox\KotlinBasic\android_basic\Files\.gradle\checksums)" [_thread_blocked, id=2832, stack(0x00000046f1f00000,0x00000046f2000000)]
  0x0000017672357000 JavaThread "Cache worker for cache directory md-supplier (C:\Users\Family\.gradle\caches\7.0.2\md-supplier)" [_thread_blocked, id=12344, stack(0x00000046f2000000,0x00000046f2100000)]
  0x0000017672358000 JavaThread "Cache worker for cache directory md-rule (C:\Users\Family\.gradle\caches\7.0.2\md-rule)" [_thread_blocked, id=13476, stack(0x00000046f2100000,0x00000046f2200000)]
  0x0000017672352800 JavaThread "Cache worker for execution history cache (C:\Users\Family\.gradle\caches\7.0.2\executionHistory)" [_thread_blocked, id=7512, stack(0x00000046f2200000,0x00000046f2300000)]
  0x0000017672359000 JavaThread "Cache worker for file content cache (C:\Users\Family\.gradle\caches\7.0.2\fileContent)" [_thread_blocked, id=12064, stack(0x00000046f2300000,0x00000046f2400000)]
  0x0000017672359800 JavaThread "Cache worker for dependencies-accessors (D:\Skillbox\KotlinBasic\android_basic\Files\.gradle\7.0.2\dependencies-accessors)" [_thread_blocked, id=2736, stack(0x00000046f2500000,0x00000046f2600000)]
  0x000001767235a800 JavaThread "Cache worker for Build Output Cleanup Cache (D:\Skillbox\KotlinBasic\android_basic\Files\.gradle\buildOutputCleanup)" [_thread_blocked, id=13964, stack(0x00000046f2600000,0x00000046f2700000)]
  0x0000017670b18800 JavaThread "Build operations" [_thread_blocked, id=3972, stack(0x00000046f2700000,0x00000046f2800000)]
  0x0000017670b17000 JavaThread "Build operations Thread 2" [_thread_blocked, id=13944, stack(0x00000046f2800000,0x00000046f2900000)]
  0x0000017670b18000 JavaThread "Build operations Thread 3" [_thread_blocked, id=12144, stack(0x00000046f2900000,0x00000046f2a00000)]
  0x0000017670b1d800 JavaThread "Build operations Thread 4" [_thread_blocked, id=3916, stack(0x00000046f2a00000,0x00000046f2b00000)]
  0x0000017670b1e800 JavaThread "Build operations Thread 5" [_thread_blocked, id=3356, stack(0x00000046f2b00000,0x00000046f2c00000)]
  0x0000017670b1f800 JavaThread "Build operations Thread 6" [_thread_blocked, id=2340, stack(0x00000046f2c00000,0x00000046f2d00000)]
  0x0000017670b19800 JavaThread "Build operations Thread 7" [_thread_blocked, id=11972, stack(0x00000046f2d00000,0x00000046f2e00000)]
  0x0000017670b20000 JavaThread "Build operations Thread 8" [_thread_blocked, id=13492, stack(0x00000046f2e00000,0x00000046f2f00000)]
  0x0000017670b1c000 JavaThread "Build operations Thread 9" [_thread_blocked, id=3504, stack(0x00000046f2f00000,0x00000046f3000000)]
  0x0000017670b1a800 JavaThread "Build operations Thread 10" [_thread_blocked, id=908, stack(0x00000046f3000000,0x00000046f3100000)]
  0x0000017670b21000 JavaThread "Build operations Thread 11" [_thread_blocked, id=1464, stack(0x00000046f3100000,0x00000046f3200000)]
  0x0000017670b1b000 JavaThread "Build operations Thread 12" [_thread_blocked, id=568, stack(0x00000046f3200000,0x00000046f3300000)]
  0x0000017670b22800 JavaThread "Memory manager" [_thread_blocked, id=1192, stack(0x00000046f3500000,0x00000046f3600000)]
=>0x0000017670b21800 JavaThread "C2 CompilerThread1" daemon [_thread_in_native, id=14264, stack(0x00000046f0500000,0x00000046f0600000)]
  0x0000017670b1d000 JavaThread "C2 CompilerThread2" daemon [_thread_in_native, id=7616, stack(0x00000046f3300000,0x00000046f3400000)]

Other Threads:
  0x000001766e57f800 VMThread "VM Thread" [stack: 0x00000046eeb00000,0x00000046eec00000] [id=2548]
  0x000001766e79d000 WatcherThread [stack: 0x00000046ef500000,0x00000046ef600000] [id=4184]
  0x00000176514db000 GCTaskThread "GC Thread#0" [stack: 0x00000046ee600000,0x00000046ee700000] [id=2184]
  0x000001766f209000 GCTaskThread "GC Thread#1" [stack: 0x00000046ef800000,0x00000046ef900000] [id=8292]
  0x000001766f489800 GCTaskThread "GC Thread#2" [stack: 0x00000046ef900000,0x00000046efa00000] [id=12724]
  0x000001766f5dd800 GCTaskThread "GC Thread#3" [stack: 0x00000046efa00000,0x00000046efb00000] [id=5068]
  0x000001766f9f6800 GCTaskThread "GC Thread#4" [stack: 0x00000046efb00000,0x00000046efc00000] [id=7676]
  0x000001766f6b2000 GCTaskThread "GC Thread#5" [stack: 0x00000046efc00000,0x00000046efd00000] [id=9296]
  0x000001767166e800 GCTaskThread "GC Thread#6" [stack: 0x00000046f0800000,0x00000046f0900000] [id=4112]
  0x0000017670ce3000 GCTaskThread "GC Thread#7" [stack: 0x00000046f0900000,0x00000046f0a00000] [id=3940]
  0x0000017670c58000 GCTaskThread "GC Thread#8" [stack: 0x00000046f0a00000,0x00000046f0b00000] [id=6100]
  0x0000017670e7e800 GCTaskThread "GC Thread#9" [stack: 0x00000046f0b00000,0x00000046f0c00000] [id=9776]
  0x000001765150b800 ConcurrentGCThread "G1 Main Marker" [stack: 0x00000046ee700000,0x00000046ee800000] [id=8504]
  0x000001765150d000 ConcurrentGCThread "G1 Conc#0" [stack: 0x00000046ee800000,0x00000046ee900000] [id=2080]
  0x000001766f8e2000 ConcurrentGCThread "G1 Conc#1" [stack: 0x00000046f0c00000,0x00000046f0d00000] [id=5912]
  0x000001767188d800 ConcurrentGCThread "G1 Conc#2" [stack: 0x00000046f0d00000,0x00000046f0e00000] [id=12768]
  0x000001765159e000 ConcurrentGCThread "G1 Refine#0" [stack: 0x00000046ee900000,0x00000046eea00000] [id=12472]
  0x000001767193e000 ConcurrentGCThread "G1 Refine#1" [stack: 0x00000046f1b00000,0x00000046f1c00000] [id=12236]
  0x000001766ea96000 ConcurrentGCThread "G1 Refine#2" [stack: 0x00000046f2400000,0x00000046f2500000] [id=8328]
  0x000001766fd18000 ConcurrentGCThread "G1 Refine#3" [stack: 0x00000046f3400000,0x00000046f3500000] [id=13048]
  0x000001766dbc4800 ConcurrentGCThread "G1 Young RemSet Sampling" [stack: 0x00000046eea00000,0x00000046eeb00000] [id=11108]

Threads with active compile tasks:
C2 CompilerThread0  12075 7877       4       org.gradle.internal.instantiation.generator.AbstractClassGenerator::inspectType (560 bytes)
C2 CompilerThread1  12076 7748       4       java.beans.MethodRef::set (58 bytes)
C2 CompilerThread2  12077 7935       4       groovy.lang.MetaClassImpl::inheritInterfaceNewMetaMethods (195 bytes)

VM state:not at safepoint (normal execution)

VM Mutex/Monitor currently owned by a thread: None

Heap address: 0x0000000080000000, size: 2048 MB, Compressed Oops mode: 32-bit
Narrow klass base: 0x0000000000000000, Narrow klass shift: 3
Compressed class space size: 1073741824 Address: 0x0000000100000000

Heap:
 garbage-first heap   total 262144K, used 103250K [0x0000000080000000, 0x0000000100000000)
  region size 1024K, 16 young (16384K), 9 survivors (9216K)
 Metaspace       used 80785K, capacity 82930K, committed 83160K, reserved 1122304K
  class space    used 10509K, capacity 11231K, committed 11264K, reserved 1048576K
Heap Regions: E=young(eden), S=young(survivor), O=old, HS=humongous(starts), HC=humongous(continues), CS=collection set, F=free, A=archive, TAMS=top-at-mark-start (previous, next)
|   0|0x0000000080000000, 0x0000000080100000, 0x0000000080100000|100%| O|  |TAMS 0x0000000080100000, 0x0000000080000000| Untracked 
|   1|0x0000000080100000, 0x0000000080200000, 0x0000000080200000|100%| O|  |TAMS 0x0000000080200000, 0x0000000080100000| Untracked 
|   2|0x0000000080200000, 0x0000000080300000, 0x0000000080300000|100%| O|  |TAMS 0x0000000080300000, 0x0000000080200000| Untracked 
|   3|0x0000000080300000, 0x0000000080400000, 0x0000000080400000|100%|HS|  |TAMS 0x0000000080400000, 0x0000000080300000| Complete 
|   4|0x0000000080400000, 0x0000000080500000, 0x0000000080500000|100%|HC|  |TAMS 0x0000000080500000, 0x0000000080400000| Complete 
|   5|0x0000000080500000, 0x0000000080600000, 0x0000000080600000|100%|HC|  |TAMS 0x0000000080600000, 0x0000000080500000| Complete 
|   6|0x0000000080600000, 0x0000000080700000, 0x0000000080700000|100%| O|  |TAMS 0x0000000080700000, 0x0000000080600000| Untracked 
|   7|0x0000000080700000, 0x0000000080800000, 0x0000000080800000|100%| O|  |TAMS 0x0000000080800000, 0x0000000080700000| Untracked 
|   8|0x0000000080800000, 0x0000000080900000, 0x0000000080900000|100%| O|  |TAMS 0x0000000080900000, 0x0000000080800000| Untracked 
|   9|0x0000000080900000, 0x0000000080a00000, 0x0000000080a00000|100%| O|  |TAMS 0x0000000080a00000, 0x0000000080900000| Untracked 
|  10|0x0000000080a00000, 0x0000000080b00000, 0x0000000080b00000|100%| O|  |TAMS 0x0000000080b00000, 0x0000000080a00000| Untracked 
|  11|0x0000000080b00000, 0x0000000080c00000, 0x0000000080c00000|100%| O|  |TAMS 0x0000000080c00000, 0x0000000080b00000| Untracked 
|  12|0x0000000080c00000, 0x0000000080d00000, 0x0000000080d00000|100%| O|  |TAMS 0x0000000080d00000, 0x0000000080c00000| Untracked 
|  13|0x0000000080d00000, 0x0000000080e00000, 0x0000000080e00000|100%| O|  |TAMS 0x0000000080e00000, 0x0000000080d00000| Untracked 
|  14|0x0000000080e00000, 0x0000000080f00000, 0x0000000080f00000|100%| O|  |TAMS 0x0000000080f00000, 0x0000000080e00000| Untracked 
|  15|0x0000000080f00000, 0x0000000081000000, 0x0000000081000000|100%| O|  |TAMS 0x0000000081000000, 0x0000000080f00000| Untracked 
|  16|0x0000000081000000, 0x0000000081100000, 0x0000000081100000|100%| O|  |TAMS 0x0000000081100000, 0x0000000081000000| Untracked 
|  17|0x0000000081100000, 0x0000000081200000, 0x0000000081200000|100%|HS|  |TAMS 0x0000000081200000, 0x0000000081100000| Complete 
|  18|0x0000000081200000, 0x0000000081300000, 0x0000000081300000|100%|HC|  |TAMS 0x0000000081300000, 0x0000000081200000| Complete 
|  19|0x0000000081300000, 0x0000000081400000, 0x0000000081400000|100%|HS|  |TAMS 0x0000000081400000, 0x0000000081300000| Complete 
|  20|0x0000000081400000, 0x0000000081500000, 0x0000000081500000|100%|HC|  |TAMS 0x0000000081500000, 0x0000000081400000| Complete 
|  21|0x0000000081500000, 0x0000000081600000, 0x0000000081600000|100%|HC|  |TAMS 0x0000000081600000, 0x0000000081500000| Complete 
|  22|0x0000000081600000, 0x0000000081700000, 0x0000000081700000|100%|HS|  |TAMS 0x0000000081700000, 0x0000000081600000| Complete 
|  23|0x0000000081700000, 0x0000000081800000, 0x0000000081800000|100%|HC|  |TAMS 0x0000000081800000, 0x0000000081700000| Complete 
|  24|0x0000000081800000, 0x0000000081900000, 0x0000000081900000|100%|HC|  |TAMS 0x0000000081900000, 0x0000000081800000| Complete 
|  25|0x0000000081900000, 0x0000000081a00000, 0x0000000081a00000|100%|HC|  |TAMS 0x0000000081a00000, 0x0000000081900000| Complete 
|  26|0x0000000081a00000, 0x0000000081b00000, 0x0000000081b00000|100%|HC|  |TAMS 0x0000000081b00000, 0x0000000081a00000| Complete 
|  27|0x0000000081b00000, 0x0000000081c00000, 0x0000000081c00000|100%|HS|  |TAMS 0x0000000081c00000, 0x0000000081b00000| Complete 
|  28|0x0000000081c00000, 0x0000000081d00000, 0x0000000081d00000|100%|HS|  |TAMS 0x0000000081d00000, 0x0000000081c00000| Complete 
|  29|0x0000000081d00000, 0x0000000081e00000, 0x0000000081e00000|100%|HS|  |TAMS 0x0000000081e00000, 0x0000000081d00000| Complete 
|  30|0x0000000081e00000, 0x0000000081f00000, 0x0000000081f00000|100%|HS|  |TAMS 0x0000000081f00000, 0x0000000081e00000| Complete 
|  31|0x0000000081f00000, 0x0000000082000000, 0x0000000082000000|100%|HC|  |TAMS 0x0000000082000000, 0x0000000081f00000| Complete 
|  32|0x0000000082000000, 0x0000000082100000, 0x0000000082100000|100%|HC|  |TAMS 0x0000000082100000, 0x0000000082000000| Complete 
|  33|0x0000000082100000, 0x0000000082200000, 0x0000000082200000|100%|HC|  |TAMS 0x0000000082200000, 0x0000000082100000| Complete 
|  34|0x0000000082200000, 0x0000000082300000, 0x0000000082300000|100%|HC|  |TAMS 0x0000000082300000, 0x0000000082200000| Complete 
|  35|0x0000000082300000, 0x0000000082400000, 0x0000000082400000|100%|HS|  |TAMS 0x0000000082400000, 0x0000000082300000| Complete 
|  36|0x0000000082400000, 0x0000000082500000, 0x0000000082500000|100%|HC|  |TAMS 0x0000000082500000, 0x0000000082400000| Complete 
|  37|0x0000000082500000, 0x0000000082600000, 0x0000000082600000|100%|HC|  |TAMS 0x0000000082600000, 0x0000000082500000| Complete 
|  38|0x0000000082600000, 0x0000000082700000, 0x0000000082700000|100%| O|  |TAMS 0x0000000082700000, 0x0000000082600000| Untracked 
|  39|0x0000000082700000, 0x0000000082800000, 0x0000000082800000|100%| O|  |TAMS 0x0000000082800000, 0x0000000082700000| Untracked 
|  40|0x0000000082800000, 0x0000000082900000, 0x0000000082900000|100%| O|  |TAMS 0x0000000082900000, 0x0000000082800000| Untracked 
|  41|0x0000000082900000, 0x0000000082a00000, 0x0000000082a00000|100%| O|  |TAMS 0x0000000082a00000, 0x0000000082900000| Untracked 
|  42|0x0000000082a00000, 0x0000000082b00000, 0x0000000082b00000|100%|HS|  |TAMS 0x0000000082b00000, 0x0000000082a00000| Complete 
|  43|0x0000000082b00000, 0x0000000082c00000, 0x0000000082c00000|100%|HC|  |TAMS 0x0000000082c00000, 0x0000000082b00000| Complete 
|  44|0x0000000082c00000, 0x0000000082d00000, 0x0000000082d00000|100%|HC|  |TAMS 0x0000000082d00000, 0x0000000082c00000| Complete 
|  45|0x0000000082d00000, 0x0000000082e00000, 0x0000000082e00000|100%| O|  |TAMS 0x0000000082e00000, 0x0000000082d00000| Untracked 
|  46|0x0000000082e00000, 0x0000000082f00000, 0x0000000082f00000|100%| O|  |TAMS 0x0000000082f00000, 0x0000000082e00000| Untracked 
|  47|0x0000000082f00000, 0x0000000083000000, 0x0000000083000000|100%| O|  |TAMS 0x0000000083000000, 0x0000000082f00000| Untracked 
|  48|0x0000000083000000, 0x0000000083100000, 0x0000000083100000|100%| O|  |TAMS 0x0000000083100000, 0x0000000083000000| Untracked 
|  49|0x0000000083100000, 0x0000000083200000, 0x0000000083200000|100%| O|  |TAMS 0x0000000083200000, 0x0000000083100000| Untracked 
|  50|0x0000000083200000, 0x0000000083300000, 0x0000000083300000|100%| O|  |TAMS 0x0000000083300000, 0x0000000083200000| Untracked 
|  51|0x0000000083300000, 0x0000000083400000, 0x0000000083400000|100%| O|  |TAMS 0x0000000083400000, 0x0000000083300000| Untracked 
|  52|0x0000000083400000, 0x0000000083500000, 0x0000000083500000|100%| O|  |TAMS 0x0000000083500000, 0x0000000083400000| Untracked 
|  53|0x0000000083500000, 0x0000000083600000, 0x0000000083600000|100%|HS|  |TAMS 0x0000000083600000, 0x0000000083500000| Complete 
|  54|0x0000000083600000, 0x0000000083700000, 0x0000000083700000|100%|HC|  |TAMS 0x0000000083700000, 0x0000000083600000| Complete 
|  55|0x0000000083700000, 0x0000000083800000, 0x0000000083800000|100%| O|  |TAMS 0x0000000083800000, 0x0000000083700000| Untracked 
|  56|0x0000000083800000, 0x0000000083900000, 0x0000000083900000|100%| O|  |TAMS 0x0000000083900000, 0x0000000083800000| Untracked 
|  57|0x0000000083900000, 0x0000000083a00000, 0x0000000083a00000|100%| O|  |TAMS 0x0000000083a00000, 0x0000000083900000| Untracked 
|  58|0x0000000083a00000, 0x0000000083b00000, 0x0000000083b00000|100%| O|  |TAMS 0x0000000083b00000, 0x0000000083a00000| Untracked 
|  59|0x0000000083b00000, 0x0000000083c00000, 0x0000000083c00000|100%| O|  |TAMS 0x0000000083c00000, 0x0000000083b00000| Untracked 
|  60|0x0000000083c00000, 0x0000000083d00000, 0x0000000083d00000|100%| O|  |TAMS 0x0000000083d00000, 0x0000000083c00000| Untracked 
|  61|0x0000000083d00000, 0x0000000083e00000, 0x0000000083e00000|100%| O|  |TAMS 0x0000000083e00000, 0x0000000083d00000| Untracked 
|  62|0x0000000083e00000, 0x0000000083f00000, 0x0000000083f00000|100%| O|  |TAMS 0x0000000083f00000, 0x0000000083e00000| Untracked 
|  63|0x0000000083f00000, 0x0000000084000000, 0x0000000084000000|100%| O|  |TAMS 0x0000000084000000, 0x0000000083f00000| Untracked 
|  64|0x0000000084000000, 0x0000000084100000, 0x0000000084100000|100%| O|  |TAMS 0x0000000084100000, 0x0000000084000000| Untracked 
|  65|0x0000000084100000, 0x0000000084200000, 0x0000000084200000|100%| O|  |TAMS 0x0000000084200000, 0x0000000084100000| Untracked 
|  66|0x0000000084200000, 0x0000000084300000, 0x0000000084300000|100%| O|  |TAMS 0x0000000084300000, 0x0000000084200000| Untracked 
|  67|0x0000000084300000, 0x0000000084400000, 0x0000000084400000|100%| O|  |TAMS 0x0000000084400000, 0x0000000084300000| Untracked 
|  68|0x0000000084400000, 0x0000000084500000, 0x0000000084500000|100%| O|  |TAMS 0x0000000084500000, 0x0000000084400000| Untracked 
|  69|0x0000000084500000, 0x0000000084600000, 0x0000000084600000|100%| O|  |TAMS 0x0000000084600000, 0x0000000084500000| Untracked 
|  70|0x0000000084600000, 0x0000000084700000, 0x0000000084700000|100%| O|  |TAMS 0x0000000084700000, 0x0000000084600000| Untracked 
|  71|0x0000000084700000, 0x0000000084800000, 0x0000000084800000|100%| O|  |TAMS 0x0000000084700000, 0x0000000084700000| Untracked 
|  72|0x0000000084800000, 0x0000000084900000, 0x0000000084900000|100%| O|  |TAMS 0x0000000084900000, 0x0000000084800000| Untracked 
|  73|0x0000000084900000, 0x0000000084a00000, 0x0000000084a00000|100%| O|  |TAMS 0x0000000084a00000, 0x0000000084900000| Untracked 
|  74|0x0000000084a00000, 0x0000000084b00000, 0x0000000084b00000|100%| O|  |TAMS 0x0000000084b00000, 0x0000000084a00000| Untracked 
|  75|0x0000000084b00000, 0x0000000084c00000, 0x0000000084c00000|100%| O|  |TAMS 0x0000000084c00000, 0x0000000084b00000| Untracked 
|  76|0x0000000084c00000, 0x0000000084d00000, 0x0000000084d00000|100%| O|  |TAMS 0x0000000084d00000, 0x0000000084c00000| Untracked 
|  77|0x0000000084d00000, 0x0000000084e00000, 0x0000000084e00000|100%| O|  |TAMS 0x0000000084e00000, 0x0000000084d00000| Untracked 
|  78|0x0000000084e00000, 0x0000000084f00000, 0x0000000084f00000|100%| O|  |TAMS 0x0000000084f00000, 0x0000000084e00000| Untracked 
|  79|0x0000000084f00000, 0x0000000085000000, 0x0000000085000000|100%| O|  |TAMS 0x0000000085000000, 0x0000000084f00000| Untracked 
|  80|0x0000000085000000, 0x0000000085100000, 0x0000000085100000|100%| O|  |TAMS 0x000000008509d600, 0x0000000085000000| Untracked 
|  81|0x0000000085100000, 0x0000000085200000, 0x0000000085200000|100%| O|  |TAMS 0x0000000085100000, 0x0000000085100000| Untracked 
|  82|0x0000000085200000, 0x0000000085300000, 0x0000000085300000|100%| O|  |TAMS 0x0000000085200000, 0x0000000085200000| Untracked 
|  83|0x0000000085300000, 0x0000000085400000, 0x0000000085400000|100%| O|  |TAMS 0x0000000085300000, 0x0000000085300000| Untracked 
|  84|0x0000000085400000, 0x0000000085500000, 0x0000000085500000|100%| O|  |TAMS 0x0000000085400000, 0x0000000085400000| Untracked 
|  85|0x0000000085500000, 0x0000000085600000, 0x0000000085600000|100%| O|  |TAMS 0x0000000085500000, 0x0000000085500000| Untracked 
|  86|0x0000000085600000, 0x00000000856ac600, 0x0000000085700000| 67%| O|  |TAMS 0x0000000085600000, 0x0000000085600000| Untracked 
|  87|0x0000000085700000, 0x0000000085700000, 0x0000000085800000|  0%| F|  |TAMS 0x0000000085700000, 0x0000000085700000| Untracked 
|  88|0x0000000085800000, 0x0000000085800000, 0x0000000085900000|  0%| F|  |TAMS 0x0000000085800000, 0x0000000085800000| Untracked 
|  89|0x0000000085900000, 0x0000000085900000, 0x0000000085a00000|  0%| F|  |TAMS 0x0000000085900000, 0x0000000085900000| Untracked 
|  90|0x0000000085a00000, 0x0000000085a00000, 0x0000000085b00000|  0%| F|  |TAMS 0x0000000085a00000, 0x0000000085a00000| Untracked 
|  91|0x0000000085b00000, 0x0000000085b00000, 0x0000000085c00000|  0%| F|  |TAMS 0x0000000085b00000, 0x0000000085b00000| Untracked 
|  92|0x0000000085c00000, 0x0000000085c00000, 0x0000000085d00000|  0%| F|  |TAMS 0x0000000085c00000, 0x0000000085c00000| Untracked 
|  93|0x0000000085d00000, 0x0000000085d00000, 0x0000000085e00000|  0%| F|  |TAMS 0x0000000085d00000, 0x0000000085d00000| Untracked 
|  94|0x0000000085e00000, 0x0000000085e00000, 0x0000000085f00000|  0%| F|  |TAMS 0x0000000085e00000, 0x0000000085e00000| Untracked 
|  95|0x0000000085f00000, 0x0000000085f00000, 0x0000000086000000|  0%| F|  |TAMS 0x0000000085f00000, 0x0000000085f00000| Untracked 
|  96|0x0000000086000000, 0x0000000086000000, 0x0000000086100000|  0%| F|  |TAMS 0x0000000086000000, 0x0000000086000000| Untracked 
|  97|0x0000000086100000, 0x0000000086100000, 0x0000000086200000|  0%| F|  |TAMS 0x0000000086100000, 0x0000000086100000| Untracked 
|  98|0x0000000086200000, 0x0000000086200000, 0x0000000086300000|  0%| F|  |TAMS 0x0000000086200000, 0x0000000086200000| Untracked 
|  99|0x0000000086300000, 0x0000000086300000, 0x0000000086400000|  0%| F|  |TAMS 0x0000000086300000, 0x0000000086300000| Untracked 
| 100|0x0000000086400000, 0x0000000086400000, 0x0000000086500000|  0%| F|  |TAMS 0x0000000086400000, 0x0000000086400000| Untracked 
| 101|0x0000000086500000, 0x0000000086500000, 0x0000000086600000|  0%| F|  |TAMS 0x0000000086500000, 0x0000000086500000| Untracked 
| 102|0x0000000086600000, 0x0000000086600000, 0x0000000086700000|  0%| F|  |TAMS 0x0000000086600000, 0x0000000086600000| Untracked 
| 103|0x0000000086700000, 0x0000000086700000, 0x0000000086800000|  0%| F|  |TAMS 0x0000000086700000, 0x0000000086700000| Untracked 
| 104|0x0000000086800000, 0x0000000086800000, 0x0000000086900000|  0%| F|  |TAMS 0x0000000086800000, 0x0000000086800000| Untracked 
| 105|0x0000000086900000, 0x0000000086900000, 0x0000000086a00000|  0%| F|  |TAMS 0x0000000086900000, 0x0000000086900000| Untracked 
| 106|0x0000000086a00000, 0x0000000086a00000, 0x0000000086b00000|  0%| F|  |TAMS 0x0000000086a00000, 0x0000000086a00000| Untracked 
| 107|0x0000000086b00000, 0x0000000086b00000, 0x0000000086c00000|  0%| F|  |TAMS 0x0000000086b00000, 0x0000000086b00000| Untracked 
| 108|0x0000000086c00000, 0x0000000086c00000, 0x0000000086d00000|  0%| F|  |TAMS 0x0000000086c00000, 0x0000000086c00000| Untracked 
| 109|0x0000000086d00000, 0x0000000086d00000, 0x0000000086e00000|  0%| F|  |TAMS 0x0000000086d00000, 0x0000000086d00000| Untracked 
| 110|0x0000000086e00000, 0x0000000086e00000, 0x0000000086f00000|  0%| F|  |TAMS 0x0000000086e00000, 0x0000000086e00000| Untracked 
| 111|0x0000000086f00000, 0x0000000086f00000, 0x0000000087000000|  0%| F|  |TAMS 0x0000000086f00000, 0x0000000086f00000| Untracked 
| 112|0x0000000087000000, 0x0000000087000000, 0x0000000087100000|  0%| F|  |TAMS 0x0000000087000000, 0x0000000087000000| Untracked 
| 113|0x0000000087100000, 0x0000000087100000, 0x0000000087200000|  0%| F|  |TAMS 0x0000000087100000, 0x0000000087100000| Untracked 
| 114|0x0000000087200000, 0x0000000087200000, 0x0000000087300000|  0%| F|  |TAMS 0x0000000087200000, 0x0000000087200000| Untracked 
| 115|0x0000000087300000, 0x0000000087300000, 0x0000000087400000|  0%| F|  |TAMS 0x0000000087300000, 0x0000000087300000| Untracked 
| 116|0x0000000087400000, 0x0000000087400000, 0x0000000087500000|  0%| F|  |TAMS 0x0000000087400000, 0x0000000087400000| Untracked 
| 117|0x0000000087500000, 0x0000000087500000, 0x0000000087600000|  0%| F|  |TAMS 0x0000000087500000, 0x0000000087500000| Untracked 
| 118|0x0000000087600000, 0x0000000087600000, 0x0000000087700000|  0%| F|  |TAMS 0x0000000087600000, 0x0000000087600000| Untracked 
| 119|0x0000000087700000, 0x0000000087700000, 0x0000000087800000|  0%| F|  |TAMS 0x0000000087700000, 0x0000000087700000| Untracked 
| 120|0x0000000087800000, 0x0000000087800000, 0x0000000087900000|  0%| F|  |TAMS 0x0000000087800000, 0x0000000087800000| Untracked 
| 121|0x0000000087900000, 0x0000000087900000, 0x0000000087a00000|  0%| F|  |TAMS 0x0000000087900000, 0x0000000087900000| Untracked 
| 122|0x0000000087a00000, 0x0000000087a00000, 0x0000000087b00000|  0%| F|  |TAMS 0x0000000087a00000, 0x0000000087a00000| Untracked 
| 123|0x0000000087b00000, 0x0000000087b00000, 0x0000000087c00000|  0%| F|  |TAMS 0x0000000087b00000, 0x0000000087b00000| Untracked 
| 124|0x0000000087c00000, 0x0000000087c00000, 0x0000000087d00000|  0%| F|  |TAMS 0x0000000087c00000, 0x0000000087c00000| Untracked 
| 125|0x0000000087d00000, 0x0000000087d00000, 0x0000000087e00000|  0%| F|  |TAMS 0x0000000087d00000, 0x0000000087d00000| Untracked 
| 126|0x0000000087e00000, 0x0000000087e00000, 0x0000000087f00000|  0%| F|  |TAMS 0x0000000087e00000, 0x0000000087e00000| Untracked 
| 127|0x0000000087f00000, 0x0000000087f00000, 0x0000000088000000|  0%| F|  |TAMS 0x0000000087f00000, 0x0000000087f00000| Untracked 
| 128|0x0000000088000000, 0x0000000088000000, 0x0000000088100000|  0%| F|  |TAMS 0x0000000088000000, 0x0000000088000000| Untracked 
| 129|0x0000000088100000, 0x0000000088100000, 0x0000000088200000|  0%| F|  |TAMS 0x0000000088100000, 0x0000000088100000| Untracked 
| 130|0x0000000088200000, 0x0000000088200000, 0x0000000088300000|  0%| F|  |TAMS 0x0000000088200000, 0x0000000088200000| Untracked 
| 131|0x0000000088300000, 0x0000000088300000, 0x0000000088400000|  0%| F|  |TAMS 0x0000000088300000, 0x0000000088300000| Untracked 
| 132|0x0000000088400000, 0x0000000088400000, 0x0000000088500000|  0%| F|  |TAMS 0x0000000088400000, 0x0000000088400000| Untracked 
| 133|0x0000000088500000, 0x0000000088500000, 0x0000000088600000|  0%| F|  |TAMS 0x0000000088500000, 0x0000000088500000| Untracked 
| 134|0x0000000088600000, 0x00000000886284a8, 0x0000000088700000| 15%| S|CS|TAMS 0x0000000088600000, 0x0000000088600000| Complete 
| 135|0x0000000088700000, 0x0000000088800000, 0x0000000088800000|100%| S|CS|TAMS 0x0000000088700000, 0x0000000088700000| Complete 
| 136|0x0000000088800000, 0x0000000088900000, 0x0000000088900000|100%| S|CS|TAMS 0x0000000088800000, 0x0000000088800000| Complete 
| 137|0x0000000088900000, 0x0000000088a00000, 0x0000000088a00000|100%| S|CS|TAMS 0x0000000088900000, 0x0000000088900000| Complete 
| 138|0x0000000088a00000, 0x0000000088b00000, 0x0000000088b00000|100%| S|CS|TAMS 0x0000000088a00000, 0x0000000088a00000| Complete 
| 139|0x0000000088b00000, 0x0000000088c00000, 0x0000000088c00000|100%| S|CS|TAMS 0x0000000088b00000, 0x0000000088b00000| Complete 
| 140|0x0000000088c00000, 0x0000000088d00000, 0x0000000088d00000|100%| S|CS|TAMS 0x0000000088c00000, 0x0000000088c00000| Complete 
| 141|0x0000000088d00000, 0x0000000088e00000, 0x0000000088e00000|100%| S|CS|TAMS 0x0000000088d00000, 0x0000000088d00000| Complete 
| 142|0x0000000088e00000, 0x0000000088f00000, 0x0000000088f00000|100%| S|CS|TAMS 0x0000000088e00000, 0x0000000088e00000| Complete 
| 143|0x0000000088f00000, 0x0000000088f00000, 0x0000000089000000|  0%| F|  |TAMS 0x0000000088f00000, 0x0000000088f00000| Untracked 
| 144|0x0000000089000000, 0x0000000089000000, 0x0000000089100000|  0%| F|  |TAMS 0x0000000089000000, 0x0000000089000000| Untracked 
| 145|0x0000000089100000, 0x0000000089100000, 0x0000000089200000|  0%| F|  |TAMS 0x0000000089100000, 0x0000000089100000| Untracked 
| 146|0x0000000089200000, 0x0000000089200000, 0x0000000089300000|  0%| F|  |TAMS 0x0000000089200000, 0x0000000089200000| Untracked 
| 147|0x0000000089300000, 0x0000000089300000, 0x0000000089400000|  0%| F|  |TAMS 0x0000000089300000, 0x0000000089300000| Untracked 
| 148|0x0000000089400000, 0x0000000089400000, 0x0000000089500000|  0%| F|  |TAMS 0x0000000089400000, 0x0000000089400000| Untracked 
| 149|0x0000000089500000, 0x0000000089500000, 0x0000000089600000|  0%| F|  |TAMS 0x0000000089500000, 0x0000000089500000| Untracked 
| 150|0x0000000089600000, 0x0000000089600000, 0x0000000089700000|  0%| F|  |TAMS 0x0000000089600000, 0x0000000089600000| Untracked 
| 151|0x0000000089700000, 0x0000000089700000, 0x0000000089800000|  0%| F|  |TAMS 0x0000000089700000, 0x0000000089700000| Untracked 
| 152|0x0000000089800000, 0x0000000089800000, 0x0000000089900000|  0%| F|  |TAMS 0x0000000089800000, 0x0000000089800000| Untracked 
| 153|0x0000000089900000, 0x0000000089900000, 0x0000000089a00000|  0%| F|  |TAMS 0x0000000089900000, 0x0000000089900000| Untracked 
| 154|0x0000000089a00000, 0x0000000089a00000, 0x0000000089b00000|  0%| F|  |TAMS 0x0000000089a00000, 0x0000000089a00000| Untracked 
| 155|0x0000000089b00000, 0x0000000089b00000, 0x0000000089c00000|  0%| F|  |TAMS 0x0000000089b00000, 0x0000000089b00000| Untracked 
| 156|0x0000000089c00000, 0x0000000089c00000, 0x0000000089d00000|  0%| F|  |TAMS 0x0000000089c00000, 0x0000000089c00000| Untracked 
| 157|0x0000000089d00000, 0x0000000089d00000, 0x0000000089e00000|  0%| F|  |TAMS 0x0000000089d00000, 0x0000000089d00000| Untracked 
| 158|0x0000000089e00000, 0x0000000089e00000, 0x0000000089f00000|  0%| F|  |TAMS 0x0000000089e00000, 0x0000000089e00000| Untracked 
| 159|0x0000000089f00000, 0x0000000089f00000, 0x000000008a000000|  0%| F|  |TAMS 0x0000000089f00000, 0x0000000089f00000| Untracked 
| 160|0x000000008a000000, 0x000000008a000000, 0x000000008a100000|  0%| F|  |TAMS 0x000000008a000000, 0x000000008a000000| Untracked 
| 161|0x000000008a100000, 0x000000008a100000, 0x000000008a200000|  0%| F|  |TAMS 0x000000008a100000, 0x000000008a100000| Untracked 
| 162|0x000000008a200000, 0x000000008a200000, 0x000000008a300000|  0%| F|  |TAMS 0x000000008a200000, 0x000000008a200000| Untracked 
| 163|0x000000008a300000, 0x000000008a300000, 0x000000008a400000|  0%| F|  |TAMS 0x000000008a300000, 0x000000008a300000| Untracked 
| 164|0x000000008a400000, 0x000000008a400000, 0x000000008a500000|  0%| F|  |TAMS 0x000000008a400000, 0x000000008a400000| Untracked 
| 165|0x000000008a500000, 0x000000008a500000, 0x000000008a600000|  0%| F|  |TAMS 0x000000008a500000, 0x000000008a500000| Untracked 
| 166|0x000000008a600000, 0x000000008a600000, 0x000000008a700000|  0%| F|  |TAMS 0x000000008a600000, 0x000000008a600000| Untracked 
| 167|0x000000008a700000, 0x000000008a700000, 0x000000008a800000|  0%| F|  |TAMS 0x000000008a700000, 0x000000008a700000| Untracked 
| 168|0x000000008a800000, 0x000000008a800000, 0x000000008a900000|  0%| F|  |TAMS 0x000000008a800000, 0x000000008a800000| Untracked 
| 169|0x000000008a900000, 0x000000008a900000, 0x000000008aa00000|  0%| F|  |TAMS 0x000000008a900000, 0x000000008a900000| Untracked 
| 170|0x000000008aa00000, 0x000000008aa00000, 0x000000008ab00000|  0%| F|  |TAMS 0x000000008aa00000, 0x000000008aa00000| Untracked 
| 171|0x000000008ab00000, 0x000000008ab00000, 0x000000008ac00000|  0%| F|  |TAMS 0x000000008ab00000, 0x000000008ab00000| Untracked 
| 172|0x000000008ac00000, 0x000000008ac00000, 0x000000008ad00000|  0%| F|  |TAMS 0x000000008ac00000, 0x000000008ac00000| Untracked 
| 173|0x000000008ad00000, 0x000000008ad00000, 0x000000008ae00000|  0%| F|  |TAMS 0x000000008ad00000, 0x000000008ad00000| Untracked 
| 174|0x000000008ae00000, 0x000000008ae00000, 0x000000008af00000|  0%| F|  |TAMS 0x000000008ae00000, 0x000000008ae00000| Untracked 
| 175|0x000000008af00000, 0x000000008af00000, 0x000000008b000000|  0%| F|  |TAMS 0x000000008af00000, 0x000000008af00000| Untracked 
| 176|0x000000008b000000, 0x000000008b000000, 0x000000008b100000|  0%| F|  |TAMS 0x000000008b000000, 0x000000008b000000| Untracked 
| 177|0x000000008b100000, 0x000000008b100000, 0x000000008b200000|  0%| F|  |TAMS 0x000000008b100000, 0x000000008b100000| Untracked 
| 178|0x000000008b200000, 0x000000008b200000, 0x000000008b300000|  0%| F|  |TAMS 0x000000008b200000, 0x000000008b200000| Untracked 
| 179|0x000000008b300000, 0x000000008b300000, 0x000000008b400000|  0%| F|  |TAMS 0x000000008b300000, 0x000000008b300000| Untracked 
| 180|0x000000008b400000, 0x000000008b400000, 0x000000008b500000|  0%| F|  |TAMS 0x000000008b400000, 0x000000008b400000| Untracked 
| 181|0x000000008b500000, 0x000000008b500000, 0x000000008b600000|  0%| F|  |TAMS 0x000000008b500000, 0x000000008b500000| Untracked 
| 182|0x000000008b600000, 0x000000008b600000, 0x000000008b700000|  0%| F|  |TAMS 0x000000008b600000, 0x000000008b600000| Untracked 
| 183|0x000000008b700000, 0x000000008b700000, 0x000000008b800000|  0%| F|  |TAMS 0x000000008b700000, 0x000000008b700000| Untracked 
| 184|0x000000008b800000, 0x000000008b800000, 0x000000008b900000|  0%| F|  |TAMS 0x000000008b800000, 0x000000008b800000| Untracked 
| 185|0x000000008b900000, 0x000000008b900000, 0x000000008ba00000|  0%| F|  |TAMS 0x000000008b900000, 0x000000008b900000| Untracked 
| 186|0x000000008ba00000, 0x000000008ba00000, 0x000000008bb00000|  0%| F|  |TAMS 0x000000008ba00000, 0x000000008ba00000| Untracked 
| 187|0x000000008bb00000, 0x000000008bb00000, 0x000000008bc00000|  0%| F|  |TAMS 0x000000008bb00000, 0x000000008bb00000| Untracked 
| 188|0x000000008bc00000, 0x000000008bc00000, 0x000000008bd00000|  0%| F|  |TAMS 0x000000008bc00000, 0x000000008bc00000| Untracked 
| 189|0x000000008bd00000, 0x000000008bd00000, 0x000000008be00000|  0%| F|  |TAMS 0x000000008bd00000, 0x000000008bd00000| Untracked 
| 190|0x000000008be00000, 0x000000008be00000, 0x000000008bf00000|  0%| F|  |TAMS 0x000000008be00000, 0x000000008be00000| Untracked 
| 191|0x000000008bf00000, 0x000000008bf00000, 0x000000008c000000|  0%| F|  |TAMS 0x000000008bf00000, 0x000000008bf00000| Untracked 
| 192|0x000000008c000000, 0x000000008c000000, 0x000000008c100000|  0%| F|  |TAMS 0x000000008c000000, 0x000000008c000000| Untracked 
| 193|0x000000008c100000, 0x000000008c100000, 0x000000008c200000|  0%| F|  |TAMS 0x000000008c100000, 0x000000008c100000| Untracked 
| 194|0x000000008c200000, 0x000000008c200000, 0x000000008c300000|  0%| F|  |TAMS 0x000000008c200000, 0x000000008c200000| Untracked 
| 195|0x000000008c300000, 0x000000008c300000, 0x000000008c400000|  0%| F|  |TAMS 0x000000008c300000, 0x000000008c300000| Untracked 
| 196|0x000000008c400000, 0x000000008c400000, 0x000000008c500000|  0%| F|  |TAMS 0x000000008c400000, 0x000000008c400000| Untracked 
| 197|0x000000008c500000, 0x000000008c500000, 0x000000008c600000|  0%| F|  |TAMS 0x000000008c500000, 0x000000008c500000| Untracked 
| 198|0x000000008c600000, 0x000000008c600000, 0x000000008c700000|  0%| F|  |TAMS 0x000000008c600000, 0x000000008c600000| Untracked 
| 199|0x000000008c700000, 0x000000008c700000, 0x000000008c800000|  0%| F|  |TAMS 0x000000008c700000, 0x000000008c700000| Untracked 
| 200|0x000000008c800000, 0x000000008c800000, 0x000000008c900000|  0%| F|  |TAMS 0x000000008c800000, 0x000000008c800000| Untracked 
| 201|0x000000008c900000, 0x000000008c900000, 0x000000008ca00000|  0%| F|  |TAMS 0x000000008c900000, 0x000000008c900000| Untracked 
| 202|0x000000008ca00000, 0x000000008ca00000, 0x000000008cb00000|  0%| F|  |TAMS 0x000000008ca00000, 0x000000008ca00000| Untracked 
| 203|0x000000008cb00000, 0x000000008cb00000, 0x000000008cc00000|  0%| F|  |TAMS 0x000000008cb00000, 0x000000008cb00000| Untracked 
| 204|0x000000008cc00000, 0x000000008cc00000, 0x000000008cd00000|  0%| F|  |TAMS 0x000000008cc00000, 0x000000008cc00000| Untracked 
| 205|0x000000008cd00000, 0x000000008cd00000, 0x000000008ce00000|  0%| F|  |TAMS 0x000000008cd00000, 0x000000008cd00000| Untracked 
| 206|0x000000008ce00000, 0x000000008ce00000, 0x000000008cf00000|  0%| F|  |TAMS 0x000000008ce00000, 0x000000008ce00000| Untracked 
| 207|0x000000008cf00000, 0x000000008cf00000, 0x000000008d000000|  0%| F|  |TAMS 0x000000008cf00000, 0x000000008cf00000| Untracked 
| 208|0x000000008d000000, 0x000000008d000000, 0x000000008d100000|  0%| F|  |TAMS 0x000000008d000000, 0x000000008d000000| Untracked 
| 209|0x000000008d100000, 0x000000008d100000, 0x000000008d200000|  0%| F|  |TAMS 0x000000008d100000, 0x000000008d100000| Untracked 
| 210|0x000000008d200000, 0x000000008d200000, 0x000000008d300000|  0%| F|  |TAMS 0x000000008d200000, 0x000000008d200000| Untracked 
| 211|0x000000008d300000, 0x000000008d300000, 0x000000008d400000|  0%| F|  |TAMS 0x000000008d300000, 0x000000008d300000| Untracked 
| 212|0x000000008d400000, 0x000000008d400000, 0x000000008d500000|  0%| F|  |TAMS 0x000000008d400000, 0x000000008d400000| Untracked 
| 213|0x000000008d500000, 0x000000008d500000, 0x000000008d600000|  0%| F|  |TAMS 0x000000008d500000, 0x000000008d500000| Untracked 
| 214|0x000000008d600000, 0x000000008d600000, 0x000000008d700000|  0%| F|  |TAMS 0x000000008d600000, 0x000000008d600000| Untracked 
| 215|0x000000008d700000, 0x000000008d700000, 0x000000008d800000|  0%| F|  |TAMS 0x000000008d700000, 0x000000008d700000| Untracked 
| 216|0x000000008d800000, 0x000000008d800000, 0x000000008d900000|  0%| F|  |TAMS 0x000000008d800000, 0x000000008d800000| Untracked 
| 217|0x000000008d900000, 0x000000008d900000, 0x000000008da00000|  0%| F|  |TAMS 0x000000008d900000, 0x000000008d900000| Untracked 
| 218|0x000000008da00000, 0x000000008da00000, 0x000000008db00000|  0%| F|  |TAMS 0x000000008da00000, 0x000000008da00000| Untracked 
| 219|0x000000008db00000, 0x000000008db00000, 0x000000008dc00000|  0%| F|  |TAMS 0x000000008db00000, 0x000000008db00000| Untracked 
| 220|0x000000008dc00000, 0x000000008dc00000, 0x000000008dd00000|  0%| F|  |TAMS 0x000000008dc00000, 0x000000008dc00000| Untracked 
| 221|0x000000008dd00000, 0x000000008dd00000, 0x000000008de00000|  0%| F|  |TAMS 0x000000008dd00000, 0x000000008dd00000| Untracked 
| 222|0x000000008de00000, 0x000000008de00000, 0x000000008df00000|  0%| F|  |TAMS 0x000000008de00000, 0x000000008de00000| Untracked 
| 223|0x000000008df00000, 0x000000008df00000, 0x000000008e000000|  0%| F|  |TAMS 0x000000008df00000, 0x000000008df00000| Untracked 
| 224|0x000000008e000000, 0x000000008e000000, 0x000000008e100000|  0%| F|  |TAMS 0x000000008e000000, 0x000000008e000000| Untracked 
| 225|0x000000008e100000, 0x000000008e100000, 0x000000008e200000|  0%| F|  |TAMS 0x000000008e100000, 0x000000008e100000| Untracked 
| 226|0x000000008e200000, 0x000000008e200000, 0x000000008e300000|  0%| F|  |TAMS 0x000000008e200000, 0x000000008e200000| Untracked 
| 227|0x000000008e300000, 0x000000008e300000, 0x000000008e400000|  0%| F|  |TAMS 0x000000008e300000, 0x000000008e300000| Untracked 
| 228|0x000000008e400000, 0x000000008e400000, 0x000000008e500000|  0%| F|  |TAMS 0x000000008e400000, 0x000000008e400000| Untracked 
| 229|0x000000008e500000, 0x000000008e500000, 0x000000008e600000|  0%| F|  |TAMS 0x000000008e500000, 0x000000008e500000| Untracked 
| 230|0x000000008e600000, 0x000000008e600000, 0x000000008e700000|  0%| F|  |TAMS 0x000000008e600000, 0x000000008e600000| Untracked 
| 231|0x000000008e700000, 0x000000008e700000, 0x000000008e800000|  0%| F|  |TAMS 0x000000008e700000, 0x000000008e700000| Untracked 
| 232|0x000000008e800000, 0x000000008e800000, 0x000000008e900000|  0%| F|  |TAMS 0x000000008e800000, 0x000000008e800000| Untracked 
| 233|0x000000008e900000, 0x000000008e900000, 0x000000008ea00000|  0%| F|  |TAMS 0x000000008e900000, 0x000000008e900000| Untracked 
| 234|0x000000008ea00000, 0x000000008ea00000, 0x000000008eb00000|  0%| F|  |TAMS 0x000000008ea00000, 0x000000008ea00000| Untracked 
| 235|0x000000008eb00000, 0x000000008eb00000, 0x000000008ec00000|  0%| F|  |TAMS 0x000000008eb00000, 0x000000008eb00000| Untracked 
| 236|0x000000008ec00000, 0x000000008ec00000, 0x000000008ed00000|  0%| F|  |TAMS 0x000000008ec00000, 0x000000008ec00000| Untracked 
| 237|0x000000008ed00000, 0x000000008ed00000, 0x000000008ee00000|  0%| F|  |TAMS 0x000000008ed00000, 0x000000008ed00000| Complete 
| 238|0x000000008ee00000, 0x000000008ef00000, 0x000000008ef00000|100%| E|CS|TAMS 0x000000008ee00000, 0x000000008ee00000| Complete 
| 239|0x000000008ef00000, 0x000000008f000000, 0x000000008f000000|100%| E|CS|TAMS 0x000000008ef00000, 0x000000008ef00000| Complete 
| 240|0x000000008f000000, 0x000000008f100000, 0x000000008f100000|100%| E|CS|TAMS 0x000000008f000000, 0x000000008f000000| Complete 
| 241|0x000000008f100000, 0x000000008f200000, 0x000000008f200000|100%| E|CS|TAMS 0x000000008f100000, 0x000000008f100000| Complete 
| 242|0x000000008f200000, 0x000000008f300000, 0x000000008f300000|100%| E|CS|TAMS 0x000000008f200000, 0x000000008f200000| Complete 
| 243|0x000000008f300000, 0x000000008f400000, 0x000000008f400000|100%| E|CS|TAMS 0x000000008f300000, 0x000000008f300000| Complete 
| 244|0x000000008f400000, 0x000000008f500000, 0x000000008f500000|100%| E|  |TAMS 0x000000008f400000, 0x000000008f400000| Complete 
| 245|0x000000008f500000, 0x000000008f600000, 0x000000008f600000|100%| E|CS|TAMS 0x000000008f500000, 0x000000008f500000| Complete 
| 246|0x000000008f600000, 0x000000008f700000, 0x000000008f700000|100%| E|CS|TAMS 0x000000008f600000, 0x000000008f600000| Complete 
| 247|0x000000008f700000, 0x000000008f800000, 0x000000008f800000|100%| E|CS|TAMS 0x000000008f700000, 0x000000008f700000| Complete 
| 248|0x000000008f800000, 0x000000008f900000, 0x000000008f900000|100%| E|CS|TAMS 0x000000008f800000, 0x000000008f800000| Complete 
| 249|0x000000008f900000, 0x000000008fa00000, 0x000000008fa00000|100%| E|CS|TAMS 0x000000008f900000, 0x000000008f900000| Complete 
| 250|0x000000008fa00000, 0x000000008fb00000, 0x000000008fb00000|100%| E|CS|TAMS 0x000000008fa00000, 0x000000008fa00000| Complete 
| 251|0x000000008fb00000, 0x000000008fc00000, 0x000000008fc00000|100%| E|CS|TAMS 0x000000008fb00000, 0x000000008fb00000| Complete 
| 252|0x000000008fc00000, 0x000000008fd00000, 0x000000008fd00000|100%| E|CS|TAMS 0x000000008fc00000, 0x000000008fc00000| Complete 
| 253|0x000000008fd00000, 0x000000008fe00000, 0x000000008fe00000|100%| E|CS|TAMS 0x000000008fd00000, 0x000000008fd00000| Complete 
| 254|0x000000008fe00000, 0x000000008ff00000, 0x000000008ff00000|100%| E|CS|TAMS 0x000000008fe00000, 0x000000008fe00000| Complete 
| 255|0x000000008ff00000, 0x0000000090000000, 0x0000000090000000|100%| E|CS|TAMS 0x000000008ff00000, 0x000000008ff00000| Complete 

Card table byte_map: [0x0000017666810000,0x0000017666c10000] _byte_map_base: 0x0000017666410000

Marking Bits (Prev, Next): (CMBitMap*) 0x0000017651502ba8, (CMBitMap*) 0x0000017651502be0
 Prev Bits: [0x0000017667010000, 0x0000017669010000)
 Next Bits: [0x0000017669010000, 0x000001766b010000)

Polling page: 0x00000176512b0000

Metaspace:

Usage:
  Non-class:     72.09 MB capacity,    70.71 MB ( 98%) used,     1.17 MB (  2%) free+waste,   213.13 KB ( <1%) overhead. 
      Class:     11.13 MB capacity,    10.44 MB ( 94%) used,   607.34 KB (  5%) free+waste,    99.38 KB ( <1%) overhead. 
       Both:     83.21 MB capacity,    81.15 MB ( 98%) used,     1.76 MB (  2%) free+waste,   312.50 KB ( <1%) overhead. 

Virtual space:
  Non-class space:       74.00 MB reserved,      72.21 MB ( 98%) committed 
      Class space:        1.00 GB reserved,      11.25 MB (  1%) committed 
             Both:        1.07 GB reserved,      83.46 MB (  8%) committed 

Chunk freelists:
   Non-Class:  63.00 KB
       Class:  30.00 KB
        Both:  93.00 KB

MaxMetaspaceSize: 17179869184.00 GB
CompressedClassSpaceSize: 1.00 GB

CodeHeap 'non-profiled nmethods': size=120000Kb used=5497Kb max_used=5497Kb free=114502Kb
 bounds [0x000001765e240000, 0x000001765e7a0000, 0x0000017665770000]
CodeHeap 'profiled nmethods': size=120000Kb used=17823Kb max_used=17823Kb free=102176Kb
 bounds [0x0000017656d10000, 0x0000017657e80000, 0x000001765e240000]
CodeHeap 'non-nmethods': size=5760Kb used=2277Kb max_used=2329Kb free=3482Kb
 bounds [0x0000017656770000, 0x00000176569e0000, 0x0000017656d10000]
 total_blobs=8956 nmethods=8080 adapters=786
 compilation: enabled
              stopped_count=0, restarted_count=0
 full_count=0

Compilation events (20 events):
Event: 11.673 Thread 0x000001766e600800 7795   !   3       org.codehaus.groovy.runtime.typehandling.DefaultTypeTransformation::compareToWithEqualityCheck (437 bytes)
Event: 11.676 Thread 0x000001766e600800 nmethod 7795 0x0000017657d8bf10 code [0x0000017657d8c640, 0x0000017657d91918]
Event: 11.676 Thread 0x000001766e600800 7796   !   3       jdk.internal.loader.BuiltinClassLoader$2::run (114 bytes)
Event: 11.676 Thread 0x000001766e600800 nmethod 7796 0x0000017657d92910 code [0x0000017657d92bc0, 0x0000017657d93998]
Event: 11.676 Thread 0x000001766e600800 7797   !   3       jdk.internal.reflect.GeneratedMethodAccessor19::invoke (68 bytes)
Event: 11.677 Thread 0x000001766e600800 nmethod 7797 0x0000017657d93e90 code [0x0000017657d94100, 0x0000017657d94ad8]
Event: 11.679 Thread 0x000001766e600800 7798       3       java.lang.reflect.Method::equals (69 bytes)
Event: 11.680 Thread 0x000001766e600800 nmethod 7798 0x0000017657d94f10 code [0x0000017657d95100, 0x0000017657d957a8]
Event: 11.682 Thread 0x0000017670b1d000 nmethod 7781 0x000001765e75fd90 code [0x000001765e760000, 0x000001765e760de8]
Event: 11.682 Thread 0x0000017670b1d000 7793       4       java.nio.MappedByteBuffer::position (8 bytes)
Event: 11.683 Thread 0x0000017670b1d000 nmethod 7793 0x000001765e761590 code [0x000001765e761720, 0x000001765e7617f8]
Event: 11.683 Thread 0x0000017670b1d000 7750       4       sun.reflect.generics.repository.GenericDeclRepository::getTypeParameters (27 bytes)
Event: 11.690 Thread 0x000001766e5f2800 nmethod 7754 0x000001765e761910 code [0x000001765e761c60, 0x000001765e764260]
Event: 11.690 Thread 0x000001766e5f2800 7765       4       java.util.Collections$UnmodifiableCollection::iterator (9 bytes)
Event: 11.690 Thread 0x0000017670b1d000 nmethod 7750 0x000001765e765290 code [0x000001765e765460, 0x000001765e765c48]
Event: 11.690 Thread 0x0000017670b1d000 7761       4       org.codehaus.groovy.runtime.MetaClassHelper::isGenericSetMethod (28 bytes)
Event: 11.691 Thread 0x0000017670b1d000 nmethod 7761 0x000001765e765f90 code [0x000001765e766140, 0x000001765e766328]
Event: 11.691 Thread 0x000001766e5f2800 nmethod 7765 0x000001765e766490 code [0x000001765e766640, 0x000001765e766818]
Event: 11.708 Thread 0x0000017670b1d000 7799 %     4       jdk.internal.loader.URLClassPath$JarLoader::validIndex @ 30 (94 bytes)
Event: 11.710 Thread 0x000001766e5f2800 7800       4       java.lang.Class::annotationData (44 bytes)

GC Heap History (18 events):
Event: 0.492 GC heap before
{Heap before GC invocations=0 (full 0):
 garbage-first heap   total 262144K, used 29696K [0x0000000080000000, 0x0000000100000000)
  region size 1024K, 24 young (24576K), 0 survivors (0K)
 Metaspace       used 10177K, capacity 10429K, committed 10624K, reserved 1058816K
  class space    used 1064K, capacity 1139K, committed 1152K, reserved 1048576K
}
Event: 0.495 GC heap after
{Heap after GC invocations=1 (full 0):
 garbage-first heap   total 262144K, used 9710K [0x0000000080000000, 0x0000000100000000)
  region size 1024K, 3 young (3072K), 3 survivors (3072K)
 Metaspace       used 10177K, capacity 10429K, committed 10624K, reserved 1058816K
  class space    used 1064K, capacity 1139K, committed 1152K, reserved 1048576K
}
Event: 3.175 GC heap before
{Heap before GC invocations=1 (full 0):
 garbage-first heap   total 262144K, used 104942K [0x0000000080000000, 0x0000000100000000)
  region size 1024K, 97 young (99328K), 3 survivors (3072K)
 Metaspace       used 20570K, capacity 21095K, committed 21248K, reserved 1067008K
  class space    used 2514K, capacity 2701K, committed 2816K, reserved 1048576K
}
Event: 3.182 GC heap after
{Heap after GC invocations=2 (full 0):
 garbage-first heap   total 262144K, used 16580K [0x0000000080000000, 0x0000000100000000)
  region size 1024K, 10 young (10240K), 10 survivors (10240K)
 Metaspace       used 20570K, capacity 21095K, committed 21248K, reserved 1067008K
  class space    used 2514K, capacity 2701K, committed 2816K, reserved 1048576K
}
Event: 3.467 GC heap before
{Heap before GC invocations=3 (full 0):
 garbage-first heap   total 262144K, used 53444K [0x0000000080000000, 0x0000000100000000)
  region size 1024K, 46 young (47104K), 10 survivors (10240K)
 Metaspace       used 24257K, capacity 24893K, committed 25216K, reserved 1071104K
  class space    used 3122K, capacity 3332K, committed 3456K, reserved 1048576K
}
Event: 3.471 GC heap after
{Heap after GC invocations=4 (full 0):
 garbage-first heap   total 262144K, used 18460K [0x0000000080000000, 0x0000000100000000)
  region size 1024K, 2 young (2048K), 2 survivors (2048K)
 Metaspace       used 24257K, capacity 24893K, committed 25216K, reserved 1071104K
  class space    used 3122K, capacity 3332K, committed 3456K, reserved 1048576K
}
Event: 4.371 GC heap before
{Heap before GC invocations=4 (full 0):
 garbage-first heap   total 262144K, used 110620K [0x0000000080000000, 0x0000000100000000)
  region size 1024K, 84 young (86016K), 2 survivors (2048K)
 Metaspace       used 34855K, capacity 35727K, committed 35840K, reserved 1081344K
  class space    used 4564K, capacity 4899K, committed 4992K, reserved 1048576K
}
Event: 4.381 GC heap after
{Heap after GC invocations=5 (full 0):
 garbage-first heap   total 262144K, used 35508K [0x0000000080000000, 0x0000000100000000)
  region size 1024K, 9 young (9216K), 9 survivors (9216K)
 Metaspace       used 34855K, capacity 35727K, committed 35840K, reserved 1081344K
  class space    used 4564K, capacity 4899K, committed 4992K, reserved 1048576K
}
Event: 5.452 GC heap before
{Heap before GC invocations=6 (full 0):
 garbage-first heap   total 262144K, used 150196K [0x0000000080000000, 0x0000000100000000)
  region size 1024K, 110 young (112640K), 9 survivors (9216K)
 Metaspace       used 43835K, capacity 45060K, committed 45184K, reserved 1089536K
  class space    used 5549K, capacity 5975K, committed 6016K, reserved 1048576K
}
Event: 5.470 GC heap after
{Heap after GC invocations=7 (full 0):
 garbage-first heap   total 262144K, used 53715K [0x0000000080000000, 0x0000000100000000)
  region size 1024K, 14 young (14336K), 14 survivors (14336K)
 Metaspace       used 43835K, capacity 45060K, committed 45184K, reserved 1089536K
  class space    used 5549K, capacity 5975K, committed 6016K, reserved 1048576K
}
Event: 7.138 GC heap before
{Heap before GC invocations=8 (full 0):
 garbage-first heap   total 262144K, used 176595K [0x0000000080000000, 0x0000000100000000)
  region size 1024K, 128 young (131072K), 14 survivors (14336K)
 Metaspace       used 49805K, capacity 51352K, committed 51456K, reserved 1093632K
  class space    used 6379K, capacity 6867K, committed 6912K, reserved 1048576K
}
Event: 7.150 GC heap after
{Heap after GC invocations=9 (full 0):
 garbage-first heap   total 262144K, used 69617K [0x0000000080000000, 0x0000000100000000)
  region size 1024K, 16 young (16384K), 16 survivors (16384K)
 Metaspace       used 49805K, capacity 51352K, committed 51456K, reserved 1093632K
  class space    used 6379K, capacity 6867K, committed 6912K, reserved 1048576K
}
Event: 8.394 GC heap before
{Heap before GC invocations=9 (full 0):
 garbage-first heap   total 262144K, used 184305K [0x0000000080000000, 0x0000000100000000)
  region size 1024K, 127 young (130048K), 16 survivors (16384K)
 Metaspace       used 63376K, capacity 65105K, committed 65280K, reserved 1105920K
  class space    used 8059K, capacity 8687K, committed 8704K, reserved 1048576K
}
Event: 8.404 GC heap after
{Heap after GC invocations=10 (full 0):
 garbage-first heap   total 262144K, used 81889K [0x0000000080000000, 0x0000000100000000)
  region size 1024K, 10 young (10240K), 10 survivors (10240K)
 Metaspace       used 63376K, capacity 65105K, committed 65280K, reserved 1105920K
  class space    used 8059K, capacity 8687K, committed 8704K, reserved 1048576K
}
Event: 10.264 GC heap before
{Heap before GC invocations=10 (full 0):
 garbage-first heap   total 262144K, used 192481K [0x0000000080000000, 0x0000000100000000)
  region size 1024K, 117 young (119808K), 10 survivors (10240K)
 Metaspace       used 71936K, capacity 73856K, committed 74112K, reserved 1114112K
  class space    used 9301K, capacity 9998K, committed 10112K, reserved 1048576K
}
Event: 10.270 GC heap after
{Heap after GC invocations=11 (full 0):
 garbage-first heap   total 262144K, used 89389K [0x0000000080000000, 0x0000000100000000)
  region size 1024K, 8 young (8192K), 8 survivors (8192K)
 Metaspace       used 71936K, capacity 73856K, committed 74112K, reserved 1114112K
  class space    used 9301K, capacity 9998K, committed 10112K, reserved 1048576K
}
Event: 10.583 GC heap before
{Heap before GC invocations=11 (full 0):
 garbage-first heap   total 262144K, used 109869K [0x0000000080000000, 0x0000000100000000)
  region size 1024K, 29 young (29696K), 8 survivors (8192K)
 Metaspace       used 73717K, capacity 75599K, committed 75736K, reserved 1114112K
  class space    used 9530K, capacity 10189K, committed 10240K, reserved 1048576K
}
Event: 10.588 GC heap after
{Heap after GC invocations=12 (full 0):
 garbage-first heap   total 262144K, used 90495K [0x0000000080000000, 0x0000000100000000)
  region size 1024K, 9 young (9216K), 9 survivors (9216K)
 Metaspace       used 73717K, capacity 75599K, committed 75736K, reserved 1114112K
  class space    used 9530K, capacity 10189K, committed 10240K, reserved 1048576K
}

Deoptimization events (20 events):
Event: 11.641 Thread 0x000001767104b800 Uncommon trap: trap_request=0xffffffde fr.pc=0x000001765e555578 relative=0x0000000000000058
Event: 11.641 Thread 0x000001767104b800 Uncommon trap: reason=class_check action=maybe_recompile pc=0x000001765e555578 method=groovy.lang.MetaMethod.isStatic()Z @ 1 c2
Event: 11.641 Thread 0x000001767104b800 DEOPT PACKING pc=0x000001765e555578 sp=0x00000046f01f8e40
Event: 11.641 Thread 0x000001767104b800 DEOPT UNPACKING pc=0x00000176567978af sp=0x00000046f01f8dc8 mode 2
Event: 11.641 Thread 0x000001767104b800 Uncommon trap: trap_request=0xffffffde fr.pc=0x000001765e555578 relative=0x0000000000000058
Event: 11.641 Thread 0x000001767104b800 Uncommon trap: reason=class_check action=maybe_recompile pc=0x000001765e555578 method=groovy.lang.MetaMethod.isStatic()Z @ 1 c2
Event: 11.641 Thread 0x000001767104b800 DEOPT PACKING pc=0x000001765e555578 sp=0x00000046f01f8e40
Event: 11.641 Thread 0x000001767104b800 DEOPT UNPACKING pc=0x00000176567978af sp=0x00000046f01f8dc8 mode 2
Event: 11.642 Thread 0x000001767104b800 Uncommon trap: trap_request=0xffffffde fr.pc=0x000001765e555578 relative=0x0000000000000058
Event: 11.642 Thread 0x000001767104b800 Uncommon trap: reason=class_check action=maybe_recompile pc=0x000001765e555578 method=groovy.lang.MetaMethod.isStatic()Z @ 1 c2
Event: 11.642 Thread 0x000001767104b800 DEOPT PACKING pc=0x000001765e555578 sp=0x00000046f01f8e40
Event: 11.642 Thread 0x000001767104b800 DEOPT UNPACKING pc=0x00000176567978af sp=0x00000046f01f8dc8 mode 2
Event: 11.643 Thread 0x000001767104b800 Uncommon trap: trap_request=0xffffffde fr.pc=0x000001765e555578 relative=0x0000000000000058
Event: 11.643 Thread 0x000001767104b800 Uncommon trap: reason=class_check action=maybe_recompile pc=0x000001765e555578 method=groovy.lang.MetaMethod.isStatic()Z @ 1 c2
Event: 11.643 Thread 0x000001767104b800 DEOPT PACKING pc=0x000001765e555578 sp=0x00000046f01f8e40
Event: 11.643 Thread 0x000001767104b800 DEOPT UNPACKING pc=0x00000176567978af sp=0x00000046f01f8dc8 mode 2
Event: 11.672 Thread 0x000001767104b800 Uncommon trap: trap_request=0xffffff6e fr.pc=0x000001765e7354e8 relative=0x0000000000000788
Event: 11.672 Thread 0x000001767104b800 Uncommon trap: reason=speculate_class_check action=maybe_recompile pc=0x000001765e7354e8 method=sun.security.provider.DigestBase.implCompressMultiBlock([BII)I @ 11 c2
Event: 11.672 Thread 0x000001767104b800 DEOPT PACKING pc=0x000001765e7354e8 sp=0x00000046f01f8900
Event: 11.672 Thread 0x000001767104b800 DEOPT UNPACKING pc=0x00000176567978af sp=0x00000046f01f8838 mode 2

Classes redefined (0 events):
No events

Internal exceptions (20 events):
Event: 11.644 Thread 0x000001767104b800 Exception <a 'java/lang/ClassNotFoundException'{0x000000008be04ef0}: java/lang/NumberBeanInfo> (0x000000008be04ef0) thrown at [./src/hotspot/share/classfile/systemDictionary.cpp, line 231]
Event: 11.644 Thread 0x000001767104b800 Exception <a 'java/lang/ClassNotFoundException'{0x000000008be0e538}: java/lang/NumberCustomizer> (0x000000008be0e538) thrown at [./src/hotspot/share/classfile/systemDictionary.cpp, line 231]
Event: 11.644 Thread 0x000001767104b800 Exception <a 'java/lang/ClassNotFoundException'{0x000000008be1aa68}: java/lang/IntegerCustomizer> (0x000000008be1aa68) thrown at [./src/hotspot/share/classfile/systemDictionary.cpp, line 231]
Event: 11.647 Thread 0x000001767104b800 Exception <a 'java/lang/ClassNotFoundException'{0x000000008be81b90}: org/gradle/internal/extensibility/DefaultConventionBeanInfo> (0x000000008be81b90) thrown at [./src/hotspot/share/classfile/systemDictionary.cpp, line 231]
Event: 11.647 Thread 0x000001767104b800 Exception <a 'java/lang/ClassNotFoundException'{0x000000008be98e00}: org/gradle/internal/extensibility/DefaultConventionCustomizer> (0x000000008be98e00) thrown at [./src/hotspot/share/classfile/systemDictionary.cpp, line 231]
Event: 11.651 Thread 0x000001767104b800 Exception <a 'java/lang/ClassNotFoundException'{0x000000008bd3c1a0}: org/gradle/internal/extensibility/DefaultExtensionsSchemaBeanInfo> (0x000000008bd3c1a0) thrown at [./src/hotspot/share/classfile/systemDictionary.cpp, line 231]
Event: 11.651 Thread 0x000001767104b800 Exception <a 'java/lang/ClassNotFoundException'{0x000000008bd54630}: org/gradle/internal/extensibility/DefaultExtensionsSchemaCustomizer> (0x000000008bd54630) thrown at [./src/hotspot/share/classfile/systemDictionary.cpp, line 231]
Event: 11.652 Thread 0x000001767104b800 Exception <a 'java/lang/ClassNotFoundException'{0x000000008bd95360}: org/gradle/internal/extensibility/ExtensionsStorage$ExtensionHolderBeanInfo> (0x000000008bd95360) thrown at [./src/hotspot/share/classfile/systemDictionary.cpp, line 231]
Event: 11.652 Thread 0x000001767104b800 Exception <a 'java/lang/ClassNotFoundException'{0x000000008bdaeb20}: org/gradle/internal/extensibility/ExtensionsStorage$ExtensionHolderCustomizer> (0x000000008bdaeb20) thrown at [./src/hotspot/share/classfile/systemDictionary.cpp, line 231]
Event: 11.660 Thread 0x000001767104b800 Exception <a 'java/lang/ClassNotFoundException'{0x000000008bcbdee0}: org/gradle/plugins/ide/idea/model/IdeaProject_DecoratedBeanInfo> (0x000000008bcbdee0) thrown at [./src/hotspot/share/classfile/systemDictionary.cpp, line 231]
Event: 11.661 Thread 0x000001767104b800 Exception <a 'java/lang/ClassNotFoundException'{0x000000008bcded40}: org/gradle/plugins/ide/idea/model/IdeaProjectBeanInfo> (0x000000008bcded40) thrown at [./src/hotspot/share/classfile/systemDictionary.cpp, line 231]
Event: 11.661 Thread 0x000001767104b800 Exception <a 'java/lang/ClassNotFoundException'{0x000000008bb00200}: org/gradle/plugins/ide/idea/model/IdeaProjectCustomizer> (0x000000008bb00200) thrown at [./src/hotspot/share/classfile/systemDictionary.cpp, line 231]
Event: 11.662 Thread 0x000001767104b800 Exception <a 'java/lang/ClassNotFoundException'{0x000000008bb3f230}: org/gradle/plugins/ide/idea/model/IdeaProject_DecoratedCustomizer> (0x000000008bb3f230) thrown at [./src/hotspot/share/classfile/systemDictionary.cpp, line 231]
Event: 11.665 Thread 0x000001767104b800 Exception <a 'java/lang/ClassNotFoundException'{0x000000008bbdfe48}: org/gradle/plugins/ide/idea/model/IdeaModule_DecoratedBeanInfo> (0x000000008bbdfe48) thrown at [./src/hotspot/share/classfile/systemDictionary.cpp, line 231]
Event: 11.665 Thread 0x000001767104b800 Exception <a 'java/lang/ClassNotFoundException'{0x000000008ba01168}: org/gradle/plugins/ide/idea/model/IdeaModuleBeanInfo> (0x000000008ba01168) thrown at [./src/hotspot/share/classfile/systemDictionary.cpp, line 231]
Event: 11.665 Thread 0x000001767104b800 Exception <a 'java/lang/ClassNotFoundException'{0x000000008ba22288}: org/gradle/plugins/ide/idea/model/IdeaModuleCustomizer> (0x000000008ba22288) thrown at [./src/hotspot/share/classfile/systemDictionary.cpp, line 231]
Event: 11.667 Thread 0x000001767104b800 Exception <a 'java/lang/ClassNotFoundException'{0x000000008ba8bde0}: org/gradle/plugins/ide/idea/model/IdeaModule_DecoratedCustomizer> (0x000000008ba8bde0) thrown at [./src/hotspot/share/classfile/systemDictionary.cpp, line 231]
Event: 11.672 Thread 0x000001767104b800 Exception <a 'java/lang/NoSuchMethodError'{0x000000008b988c40}: <clinit>> (0x000000008b988c40) thrown at [./src/hotspot/share/prims/jni.cpp, line 1362]
Event: 11.708 Thread 0x000001767104b800 Exception <a 'java/lang/ClassNotFoundException'{0x000000008b616130}: org/codehaus/groovy/runtime/NullObjectBeanInfo> (0x000000008b616130) thrown at [./src/hotspot/share/classfile/systemDictionary.cpp, line 231]
Event: 11.709 Thread 0x000001767104b800 Exception <a 'java/lang/ClassNotFoundException'{0x000000008b5eae88}: org/codehaus/groovy/runtime/NullObjectCustomizer> (0x000000008b5eae88) thrown at [./src/hotspot/share/classfile/systemDictionary.cpp, line 231]

Events (20 events):
Event: 11.679 loading class kotlin/jvm/internal/Intrinsics
Event: 11.679 loading class kotlin/jvm/internal/Intrinsics done
Event: 11.704 loading class kotlin/UninitializedPropertyAccessException
Event: 11.704 loading class kotlin/UninitializedPropertyAccessException done
Event: 11.704 loading class kotlin/KotlinNullPointerException
Event: 11.704 loading class kotlin/KotlinNullPointerException done
Event: 11.706 loading class groovy/runtime/metaclass/org/codehaus/groovy/runtime/NullObjectMetaClass
Event: 11.706 loading class groovy/runtime/metaclass/org/codehaus/groovy/runtime/NullObjectMetaClass done
Event: 11.706 loading class org/codehaus/groovy/runtime/NullObjectBeanInfo
Event: 11.706 loading class org/codehaus/groovy/runtime/NullObjectBeanInfo done
Event: 11.707 loading class org/codehaus/groovy/runtime/NullObjectBeanInfo
Event: 11.707 loading class org/codehaus/groovy/runtime/NullObjectBeanInfo done
Event: 11.707 loading class org/codehaus/groovy/runtime/NullObjectBeanInfo
Event: 11.707 loading class org/codehaus/groovy/runtime/NullObjectBeanInfo done
Event: 11.708 loading class org/codehaus/groovy/runtime/NullObjectCustomizer
Event: 11.708 loading class org/codehaus/groovy/runtime/NullObjectCustomizer done
Event: 11.708 loading class org/codehaus/groovy/runtime/NullObjectCustomizer
Event: 11.708 loading class org/codehaus/groovy/runtime/NullObjectCustomizer done
Event: 11.709 loading class org/codehaus/groovy/runtime/NullObjectCustomizer
Event: 11.709 loading class org/codehaus/groovy/runtime/NullObjectCustomizer done


Dynamic libraries:
0x00007ff6fe0c0000 - 0x00007ff6fe0ca000 	C:\Program Files\Android\Android Studio\jre\bin\java.exe
0x00007ff9ad550000 - 0x00007ff9ad745000 	C:\Windows\SYSTEM32\ntdll.dll
0x00007ff97d0a0000 - 0x00007ff97d0b6000 	C:\Program Files\Avast Software\Avast\aswhook.dll
0x00007ff9ac350000 - 0x00007ff9ac40e000 	C:\Windows\System32\KERNEL32.DLL
0x00007ff9ab110000 - 0x00007ff9ab3d9000 	C:\Windows\System32\KERNELBASE.dll
0x00007ff9aad80000 - 0x00007ff9aae80000 	C:\Windows\System32\ucrtbase.dll
0x00007ff995ba0000 - 0x00007ff995bb9000 	C:\Program Files\Android\Android Studio\jre\bin\jli.dll
0x00007ff9abec0000 - 0x00007ff9ac061000 	C:\Windows\System32\USER32.dll
0x00007ff992190000 - 0x00007ff9921a7000 	C:\Program Files\Android\Android Studio\jre\bin\VCRUNTIME140.dll
0x00007ff9ab570000 - 0x00007ff9ab592000 	C:\Windows\System32\win32u.dll
0x00007ff998560000 - 0x00007ff9987fa000 	C:\Windows\WinSxS\amd64_microsoft.windows.common-controls_6595b64144ccf1df_6.0.19041.1110_none_60b5254171f9507e\COMCTL32.dll
0x00007ff9ad400000 - 0x00007ff9ad42b000 	C:\Windows\System32\GDI32.dll
0x00007ff9ad360000 - 0x00007ff9ad3fe000 	C:\Windows\System32\msvcrt.dll
0x00007ff9aac70000 - 0x00007ff9aad7b000 	C:\Windows\System32\gdi32full.dll
0x00007ff9ab070000 - 0x00007ff9ab10d000 	C:\Windows\System32\msvcp_win.dll
0x00007ff9aba80000 - 0x00007ff9abab0000 	C:\Windows\System32\IMM32.DLL
0x00007ff95d2c0000 - 0x00007ff95d35d000 	C:\Program Files\Android\Android Studio\jre\bin\msvcp140.dll
0x00007ff958190000 - 0x00007ff958c5f000 	C:\Program Files\Android\Android Studio\jre\bin\server\jvm.dll
0x00007ff9abda0000 - 0x00007ff9abe4c000 	C:\Windows\System32\ADVAPI32.dll
0x00007ff9ac180000 - 0x00007ff9ac21b000 	C:\Windows\System32\sechost.dll
0x00007ff9ac220000 - 0x00007ff9ac34a000 	C:\Windows\System32\RPCRT4.dll
0x00007ff9abd00000 - 0x00007ff9abd08000 	C:\Windows\System32\PSAPI.DLL
0x00007ff98ecd0000 - 0x00007ff98ecd9000 	C:\Windows\SYSTEM32\WSOCK32.dll
0x00007ff9a3ca0000 - 0x00007ff9a3cc7000 	C:\Windows\SYSTEM32\WINMM.dll
0x00007ff9a5030000 - 0x00007ff9a503a000 	C:\Windows\SYSTEM32\VERSION.dll
0x00007ff9abe50000 - 0x00007ff9abebb000 	C:\Windows\System32\WS2_32.dll
0x00007ff9a8b90000 - 0x00007ff9a8ba2000 	C:\Windows\SYSTEM32\kernel.appcore.dll
0x00007ff9a1720000 - 0x00007ff9a1731000 	C:\Program Files\Android\Android Studio\jre\bin\verify.dll
0x00007ff9a37a0000 - 0x00007ff9a3984000 	C:\Windows\SYSTEM32\DBGHELP.DLL
0x00007ff9a35d0000 - 0x00007ff9a35fc000 	C:\Windows\SYSTEM32\dbgcore.DLL
0x00007ff9aae80000 - 0x00007ff9aaf03000 	C:\Windows\System32\bcryptPrimitives.dll
0x00007ff9984b0000 - 0x00007ff9984d9000 	C:\Program Files\Android\Android Studio\jre\bin\java.dll
0x00007ff9a5a40000 - 0x00007ff9a5a4b000 	C:\Program Files\Android\Android Studio\jre\bin\jimage.dll
0x00007ff997b90000 - 0x00007ff997ba8000 	C:\Program Files\Android\Android Studio\jre\bin\zip.dll
0x00007ff9ac560000 - 0x00007ff9acc9f000 	C:\Windows\System32\SHELL32.dll
0x00007ff9a8d90000 - 0x00007ff9a9520000 	C:\Windows\SYSTEM32\windows.storage.dll
0x00007ff9acf30000 - 0x00007ff9ad285000 	C:\Windows\System32\combase.dll
0x00007ff9aa6c0000 - 0x00007ff9aa6ec000 	C:\Windows\SYSTEM32\Wldp.dll
0x00007ff9ad460000 - 0x00007ff9ad50d000 	C:\Windows\System32\SHCORE.dll
0x00007ff9ab5a0000 - 0x00007ff9ab5f5000 	C:\Windows\System32\shlwapi.dll
0x00007ff9aabb0000 - 0x00007ff9aabcf000 	C:\Windows\SYSTEM32\profapi.dll
0x00007ff995da0000 - 0x00007ff995dba000 	C:\Program Files\Android\Android Studio\jre\bin\net.dll
0x00007ff9a2a80000 - 0x00007ff9a2b88000 	C:\Windows\SYSTEM32\WINHTTP.dll
0x00007ff9aa420000 - 0x00007ff9aa48a000 	C:\Windows\system32\mswsock.dll
0x00007ff9921b0000 - 0x00007ff9921c4000 	C:\Program Files\Android\Android Studio\jre\bin\nio.dll
0x00007ff9a5920000 - 0x00007ff9a5947000 	C:\Users\Family\.gradle\native\8bec1ad78214c89d9ad589b4d07fe93259594b29d510b10fafb7a158f7737e5d\windows-amd64\native-platform.dll
0x00007ff95edc0000 - 0x00007ff95eefd000 	C:\Users\Family\.gradle\native\53dbd7edfb1c66fb8903c78663c9afc45aea4f116125fa6feffd364cf09443e8\windows-amd64\native-platform-file-events.dll
0x00007ff9984a0000 - 0x00007ff9984aa000 	C:\Program Files\Android\Android Studio\jre\bin\management.dll
0x00007ff997a00000 - 0x00007ff997a0c000 	C:\Program Files\Android\Android Studio\jre\bin\management_ext.dll
0x00007ff9aa610000 - 0x00007ff9aa628000 	C:\Windows\SYSTEM32\CRYPTSP.dll
0x00007ff9a9d30000 - 0x00007ff9a9d64000 	C:\Windows\system32\rsaenh.dll
0x00007ff9ab540000 - 0x00007ff9ab567000 	C:\Windows\System32\bcrypt.dll
0x00007ff9aab70000 - 0x00007ff9aab9e000 	C:\Windows\SYSTEM32\USERENV.dll
0x00007ff9aa630000 - 0x00007ff9aa63c000 	C:\Windows\SYSTEM32\CRYPTBASE.dll
0x00007ff9aa0c0000 - 0x00007ff9aa0fb000 	C:\Windows\SYSTEM32\IPHLPAPI.DLL
0x00007ff9ad430000 - 0x00007ff9ad438000 	C:\Windows\System32\NSI.dll
0x00007ff9a4100000 - 0x00007ff9a4117000 	C:\Windows\SYSTEM32\dhcpcsvc6.DLL
0x00007ff9a41e0000 - 0x00007ff9a41fd000 	C:\Windows\SYSTEM32\dhcpcsvc.DLL
0x00007ff9aa110000 - 0x00007ff9aa1dc000 	C:\Windows\SYSTEM32\DNSAPI.dll

dbghelp: loaded successfully - version: 4.0.5 - missing functions: none
symbol engine: initialized successfully - sym options: 0x614 - pdb path: .;C:\Program Files\Android\Android Studio\jre\bin;C:\Windows\SYSTEM32;C:\Program Files\Avast Software\Avast;C:\Windows\WinSxS\amd64_microsoft.windows.common-controls_6595b64144ccf1df_6.0.19041.1110_none_60b5254171f9507e;C:\Program Files\Android\Android Studio\jre\bin\server;C:\Users\Family\.gradle\native\8bec1ad78214c89d9ad589b4d07fe93259594b29d510b10fafb7a158f7737e5d\windows-amd64;C:\Users\Family\.gradle\native\53dbd7edfb1c66fb8903c78663c9afc45aea4f116125fa6feffd364cf09443e8\windows-amd64

VM Arguments:
jvm_args: --add-opens=java.base/java.util=ALL-UNNAMED --add-opens=java.base/java.lang=ALL-UNNAMED --add-opens=java.base/java.lang.invoke=ALL-UNNAMED --add-opens=java.base/java.util=ALL-UNNAMED --add-opens=java.prefs/java.util.prefs=ALL-UNNAMED --add-opens=java.prefs/java.util.prefs=ALL-UNNAMED --add-opens=java.base/java.nio.charset=ALL-UNNAMED --add-opens=java.base/java.net=ALL-UNNAMED --add-opens=java.base/java.util.concurrent.atomic=ALL-UNNAMED -Xmx2048m -Dfile.encoding=UTF-8 -Duser.country=RU -Duser.language=ru -Duser.variant 
java_command: org.gradle.launcher.daemon.bootstrap.GradleDaemon 7.0.2
java_class_path (initial): C:\Users\Family\.gradle\wrapper\dists\gradle-7.0.2-bin\857tjihv64xamwrf0h14cai3r\gradle-7.0.2\lib\gradle-launcher-7.0.2.jar
Launcher Type: SUN_STANDARD

[Global flags]
     intx CICompilerCount                          = 4                                         {product} {ergonomic}
     uint ConcGCThreads                            = 3                                         {product} {ergonomic}
     uint G1ConcRefinementThreads                  = 10                                        {product} {ergonomic}
   size_t G1HeapRegionSize                         = 1048576                                   {product} {ergonomic}
    uintx GCDrainStackTargetSize                   = 64                                        {product} {ergonomic}
   size_t InitialHeapSize                          = 268435456                                 {product} {ergonomic}
   size_t MarkStackSize                            = 4194304                                   {product} {ergonomic}
   size_t MaxHeapSize                              = 2147483648                                {product} {command line}
   size_t MaxNewSize                               = 1287651328                                {product} {ergonomic}
   size_t MinHeapDeltaBytes                        = 1048576                                   {product} {ergonomic}
    uintx NonNMethodCodeHeapSize                   = 5836300                                {pd product} {ergonomic}
    uintx NonProfiledCodeHeapSize                  = 122910970                              {pd product} {ergonomic}
    uintx ProfiledCodeHeapSize                     = 122910970                              {pd product} {ergonomic}
    uintx ReservedCodeCacheSize                    = 251658240                              {pd product} {ergonomic}
     bool SegmentedCodeCache                       = true                                      {product} {ergonomic}
     bool UseCompressedClassPointers               = true                                 {lp64_product} {ergonomic}
     bool UseCompressedOops                        = true                                 {lp64_product} {ergonomic}
     bool UseG1GC                                  = true                                      {product} {ergonomic}
     bool UseLargePagesIndividualAllocation        = false                                  {pd product} {ergonomic}

Logging:
Log output configuration:
 #0: stdout all=warning uptime,level,tags
 #1: stderr all=off uptime,level,tags

Environment Variables:
PATH=C:\Windows\system32;C:\Windows;C:\Windows\System32\Wbem;C:\Windows\System32\WindowsPowerShell\v1.0\;C:\Program Files (x86)\NVIDIA Corporation\PhysX\Common;C:\Program Files\Git\cmd;C:\Program Files\NVIDIA Corporation\NVIDIA NvDLISR;C:\ProgramData\chocolatey\bin;;C:\Windows\system32;C:\Windows;C:\Windows\System32\Wbem;C:\Windows\System32\WindowsPowerShell\v1.0\;C:\Users\Family\AppData\Local\Microsoft\WindowsApps;
USERNAME=Family
OS=Windows_NT
PROCESSOR_IDENTIFIER=AMD64 Family 23 Model 8 Stepping 2, AuthenticAMD



---------------  S Y S T E M  ---------------

OS: Windows 10 , 64 bit Build 19041 (10.0.19041.1202)
OS uptime: 0 days 4:00 hours

CPU:total 12 (initial active 12) (12 cores per cpu, 2 threads per core) family 23 model 8 stepping 2 microcode 0x0, cmov, cx8, fxsr, mmx, sse, sse2, sse3, ssse3, sse4.1, sse4.2, popcnt, avx, avx2, aes, clmul, mmxext, 3dnowpref, lzcnt, sse4a, ht, tsc, tscinvbit, tscinv, bmi1, bmi2, adx, s

Memory: 4k page, system-wide physical 16316M (8546M free)
TotalPageFile size 16316M (AvailPageFile size 6803M)
current process WorkingSet (physical memory assigned to process): 737M, peak: 748M
current process commit charge ("private bytes"): 809M, peak: 819M

vm_info: OpenJDK 64-Bit Server VM (11.0.10+0-b96-7249189) for windows-amd64 JRE (11.0.10+0-b96-7249189), built on Mar 31 2021 21:44:00 by "builder" with MS VC++ 14.0 (VS2015)

END.
